SF:lib/src/haudiotagger.dart
DA:44,1
DA:47,6
DA:53,2
DA:57,1
DA:58,1
DA:61,1
DA:62,1
DA:64,1
DA:73,1
DA:74,1
DA:77,1
DA:78,1
DA:80,1
DA:92,1
DA:93,1
DA:94,1
DA:99,1
DA:100,1
DA:101,1
DA:106,1
DA:107,1
DA:108,1
DA:113,1
DA:115,1
DA:116,1
DA:121,1
DA:122,1
DA:123,1
DA:128,1
DA:130,1
DA:131,1
DA:136,1
DA:137,1
DA:138,1
DA:143,1
DA:145,1
DA:146,1
DA:150,1
DA:151,1
DA:152,1
DA:157,1
DA:158,1
DA:159,1
DA:166,1
DA:170,1
DA:171,1
DA:178,1
DA:182,1
DA:183,1
DA:193,1
DA:198,1
DA:199,1
DA:203,1
DA:205,2
DA:207,1
DA:208,1
DA:209,1
DA:210,1
DA:211,1
DA:212,1
DA:213,2
DA:215,1
DA:216,2
DA:218,1
DA:219,2
DA:225,1
DA:236,1
DA:240,1
DA:241,1
DA:248,1
DA:252,1
DA:253,1
DA:266,1
DA:271,1
DA:272,1
DA:274,1
DA:276,1
DA:278,3
DA:280,2
DA:281,1
DA:283,2
DA:284,1
DA:285,1
DA:286,1
DA:287,2
DA:289,1
DA:290,2
DA:292,1
DA:293,2
DA:299,1
DA:308,1
DA:309,1
DA:310,1
DA:315,1
DA:316,1
DA:317,1
DA:325,1
DA:326,1
DA:327,1
DA:332,1
DA:334,1
DA:335,1
DA:342,1
DA:344,1
DA:345,1
DA:350,1
DA:355,1
DA:356,1
DA:362,1
DA:363,1
DA:364,1
DA:369,1
DA:371,1
DA:372,1
DA:378,1
DA:379,1
DA:380,1
DA:386,1
DA:387,1
DA:388,1
DA:398,1
DA:399,1
DA:400,1
DA:411,1
DA:413,1
DA:414,1
DA:419,1
DA:420,1
DA:421,1
DA:426,1
DA:427,1
DA:428,1
DA:433,1
DA:434,1
DA:435,1
DA:440,1
DA:441,1
DA:442,1
DA:447,1
DA:448,1
DA:449,1
DA:454,1
DA:455,1
DA:456,1
DA:460,1
DA:461,1
DA:462,1
DA:468,1
DA:469,1
DA:470,1
DA:475,1
DA:476,1
DA:477,1
DA:481,1
DA:482,1
DA:483,1
DA:484,1
DA:495,1
DA:502,1
DA:503,1
DA:516,1
DA:523,1
DA:524,1
DA:536,1
DA:537,1
DA:539,1
DA:540,1
DA:542,2
DA:548,2
DA:554,2
DA:562,3
DA:563,3
DA:564,3
DA:565,3
DA:566,3
DA:567,3
DA:568,3
DA:569,3
DA:570,3
DA:571,3
DA:572,3
DA:573,3
DA:574,3
DA:576,1
DA:588,1
DA:593,1
DA:595,1
DA:596,1
DA:597,1
DA:598,2
DA:599,1
DA:600,2
DA:604,1
DA:605,3
DA:606,3
DA:607,3
DA:608,3
DA:609,3
DA:610,3
DA:611,3
DA:612,3
DA:613,3
DA:614,3
DA:615,3
DA:616,3
DA:617,3
DA:618,2
DA:619,3
DA:637,1
DA:638,1
DA:639,1
DA:640,1
DA:641,1
DA:642,1
DA:643,1
DA:644,3
DA:646,2
DA:647,2
DA:648,2
DA:649,2
DA:650,1
DA:654,2
DA:655,3
DA:658,3
DA:659,2
DA:676,1
DA:677,1
DA:678,1
DA:684,1
DA:685,1
DA:686,1
DA:692,1
DA:693,1
DA:694,1
DA:699,1
DA:700,1
DA:701,1
DA:707,1
DA:709,1
DA:710,1
DA:716,1
DA:717,1
DA:718,1
DA:722,1
DA:723,1
DA:724,1
DA:728,1
DA:729,1
DA:730,1
DA:734,1
DA:736,1
DA:737,1
DA:741,1
DA:743,1
DA:744,1
DA:748,1
DA:750,1
DA:751,1
DA:755,1
DA:756,1
DA:757,1
DA:761,1
DA:762,1
DA:763,1
DA:777,1
DA:784,1
DA:785,5
DA:792,1
DA:795,3
DA:798,3
DA:801,3
DA:803,1
DA:804,2
DA:806,6
DA:827,1
DA:828,1
DA:830,2
DA:834,1
DA:835,1
LF:279
LH:279
end_of_record
SF:lib/src/rust/frb_generated.dart
DA:28,3
DA:30,1
DA:33,1
DA:39,2
DA:49,0
DA:52,0
DA:61,0
DA:63,1
DA:67,1
DA:71,1
DA:74,1
DA:78,1
DA:81,1
DA:324,1
DA:331,0
DA:334,0
DA:335,0
DA:336,0
DA:337,0
DA:338,0
DA:339,0
DA:342,0
DA:343,0
DA:346,0
DA:347,0
DA:352,0
DA:357,0
DA:360,0
DA:361,0
DA:362,0
DA:363,0
DA:364,0
DA:365,0
DA:368,0
DA:369,0
DA:372,0
DA:373,0
DA:378,0
DA:384,0
DA:387,0
DA:388,0
DA:389,0
DA:390,0
DA:391,0
DA:392,0
DA:395,0
DA:396,0
DA:399,0
DA:400,0
DA:405,0
DA:410,0
DA:413,0
DA:414,0
DA:415,0
DA:416,0
DA:417,0
DA:418,0
DA:421,0
DA:422,0
DA:425,0
DA:426,0
DA:431,0
DA:436,1
DA:439,3
DA:440,1
DA:441,2
DA:442,1
DA:443,1
DA:444,2
DA:447,1
DA:448,1
DA:451,1
DA:452,1
DA:457,1
DA:463,1
DA:466,3
DA:467,1
DA:468,2
DA:469,1
DA:470,1
DA:471,2
DA:474,1
DA:475,1
DA:478,1
DA:479,1
DA:484,1
DA:490,1
DA:493,3
DA:494,1
DA:495,2
DA:496,1
DA:497,1
DA:498,2
DA:501,1
DA:502,1
DA:505,1
DA:506,1
DA:511,1
DA:516,1
DA:519,3
DA:520,1
DA:521,2
DA:522,1
DA:523,1
DA:524,2
DA:527,1
DA:528,1
DA:531,1
DA:532,1
DA:537,1
DA:543,1
DA:545,3
DA:546,1
DA:547,2
DA:548,1
DA:549,2
DA:552,1
DA:553,1
DA:554,1
DA:556,1
DA:557,1
DA:562,1
DA:567,1
DA:569,3
DA:570,1
DA:571,2
DA:572,1
DA:573,2
DA:576,1
DA:577,1
DA:578,1
DA:580,1
DA:581,1
DA:586,1
DA:591,1
DA:594,3
DA:595,1
DA:596,2
DA:597,1
DA:598,1
DA:599,2
DA:602,1
DA:603,1
DA:604,1
DA:606,1
DA:607,1
DA:612,1
DA:617,1
DA:620,3
DA:621,1
DA:622,2
DA:623,1
DA:624,1
DA:625,2
DA:628,1
DA:629,1
DA:630,1
DA:632,1
DA:633,1
DA:638,1
DA:644,1
DA:651,3
DA:652,1
DA:653,2
DA:654,1
DA:655,1
DA:656,1
DA:657,1
DA:658,1
DA:659,2
DA:662,1
DA:663,1
DA:664,1
DA:666,1
DA:667,1
DA:678,1
DA:689,1
DA:696,3
DA:697,1
DA:698,2
DA:699,1
DA:700,1
DA:701,1
DA:702,1
DA:703,1
DA:704,2
DA:707,1
DA:708,1
DA:709,1
DA:711,1
DA:712,1
DA:723,1
DA:735,0
DA:737,0
DA:738,0
DA:739,0
DA:740,0
DA:743,0
DA:744,0
DA:747,0
DA:748,0
DA:753,0
DA:759,0
DA:762,0
DA:763,0
DA:764,0
DA:765,0
DA:766,0
DA:769,0
DA:770,0
DA:773,0
DA:774,0
DA:779,0
DA:785,0
DA:787,0
DA:788,0
DA:789,0
DA:790,0
DA:793,0
DA:794,0
DA:797,0
DA:798,0
DA:803,0
DA:809,0
DA:811,0
DA:812,0
DA:813,0
DA:814,0
DA:815,0
DA:818,0
DA:819,0
DA:822,0
DA:823,0
DA:828,0
DA:834,0
DA:837,0
DA:838,0
DA:839,0
DA:840,0
DA:841,0
DA:842,0
DA:845,0
DA:846,0
DA:849,0
DA:850,0
DA:855,0
DA:860,1
DA:862,3
DA:863,1
DA:864,2
DA:865,1
DA:866,2
DA:869,1
DA:870,1
DA:871,1
DA:873,1
DA:874,1
DA:879,1
DA:885,1
DA:887,3
DA:888,1
DA:889,2
DA:890,1
DA:891,2
DA:894,1
DA:895,1
DA:896,1
DA:898,1
DA:899,1
DA:904,1
DA:909,1
DA:912,3
DA:913,1
DA:914,2
DA:915,1
DA:916,2
DA:919,1
DA:920,1
DA:921,1
DA:923,1
DA:924,1
DA:929,1
DA:935,1
DA:937,3
DA:938,1
DA:939,2
DA:940,1
DA:941,2
DA:944,1
DA:945,1
DA:946,1
DA:948,1
DA:949,1
DA:954,1
DA:959,1
DA:962,3
DA:963,1
DA:964,2
DA:965,1
DA:966,2
DA:969,1
DA:970,1
DA:971,1
DA:973,1
DA:974,1
DA:979,1
DA:985,1
DA:987,3
DA:988,1
DA:989,2
DA:990,1
DA:991,2
DA:994,1
DA:995,1
DA:996,1
DA:998,1
DA:999,1
DA:1004,1
DA:1009,1
DA:1012,3
DA:1013,1
DA:1014,2
DA:1015,1
DA:1016,2
DA:1019,1
DA:1020,1
DA:1021,1
DA:1023,1
DA:1024,1
DA:1029,1
DA:1035,1
DA:1037,3
DA:1038,1
DA:1039,2
DA:1040,1
DA:1041,2
DA:1044,1
DA:1045,1
DA:1046,1
DA:1048,1
DA:1049,1
DA:1054,1
DA:1059,1
DA:1062,3
DA:1063,1
DA:1064,2
DA:1065,1
DA:1066,2
DA:1069,1
DA:1070,1
DA:1071,1
DA:1073,1
DA:1074,1
DA:1079,1
DA:1085,1
DA:1087,3
DA:1088,1
DA:1089,2
DA:1090,1
DA:1091,2
DA:1094,1
DA:1095,1
DA:1096,1
DA:1098,1
DA:1099,1
DA:1104,1
DA:1109,0
DA:1112,0
DA:1113,0
DA:1114,0
DA:1115,0
DA:1116,0
DA:1117,0
DA:1120,0
DA:1121,0
DA:1124,0
DA:1125,0
DA:1130,0
DA:1136,1
DA:1138,3
DA:1139,1
DA:1140,2
DA:1141,1
DA:1142,2
DA:1145,1
DA:1146,1
DA:1147,1
DA:1149,1
DA:1150,1
DA:1155,1
DA:1160,1
DA:1162,3
DA:1163,1
DA:1164,2
DA:1165,2
DA:1168,1
DA:1169,1
DA:1172,1
DA:1173,1
DA:1178,1
DA:1184,1
DA:1187,3
DA:1188,1
DA:1189,2
DA:1190,1
DA:1191,1
DA:1192,2
DA:1195,1
DA:1196,1
DA:1199,1
DA:1200,1
DA:1205,1
DA:1210,0
DA:1215,0
DA:1216,0
DA:1217,0
DA:1218,0
DA:1219,0
DA:1220,0
DA:1221,0
DA:1224,0
DA:1225,0
DA:1228,0
DA:1229,0
DA:1234,0
DA:1239,0
DA:1242,0
DA:1243,0
DA:1244,0
DA:1245,0
DA:1246,0
DA:1247,0
DA:1250,0
DA:1251,0
DA:1254,0
DA:1255,0
DA:1260,0
DA:1265,0
DA:1269,0
DA:1270,0
DA:1271,0
DA:1272,0
DA:1273,0
DA:1274,0
DA:1277,0
DA:1278,0
DA:1281,0
DA:1282,0
DA:1287,0
DA:1293,0
DA:1296,0
DA:1297,0
DA:1298,0
DA:1299,0
DA:1300,0
DA:1301,0
DA:1304,0
DA:1305,0
DA:1306,0
DA:1308,0
DA:1309,0
DA:1314,0
DA:1319,0
DA:1322,0
DA:1323,0
DA:1324,0
DA:1325,0
DA:1326,0
DA:1327,0
DA:1330,0
DA:1331,0
DA:1332,0
DA:1334,0
DA:1335,0
DA:1340,0
DA:1345,1
DA:1347,3
DA:1348,1
DA:1349,2
DA:1350,1
DA:1351,2
DA:1354,1
DA:1355,1
DA:1356,1
DA:1358,1
DA:1359,1
DA:1364,1
DA:1369,1
DA:1372,3
DA:1373,1
DA:1374,2
DA:1375,1
DA:1376,2
DA:1379,1
DA:1380,1
DA:1381,1
DA:1383,1
DA:1384,1
DA:1389,1
DA:1395,0
DA:1398,0
DA:1399,0
DA:1400,0
DA:1401,0
DA:1402,0
DA:1405,0
DA:1406,0
DA:1407,0
DA:1409,0
DA:1410,0
DA:1415,0
DA:1421,1
DA:1423,3
DA:1424,1
DA:1425,2
DA:1426,1
DA:1427,2
DA:1430,1
DA:1431,1
DA:1432,1
DA:1434,1
DA:1435,1
DA:1440,1
DA:1446,1
DA:1449,3
DA:1450,1
DA:1451,2
DA:1452,1
DA:1453,2
DA:1456,1
DA:1457,1
DA:1458,1
DA:1460,1
DA:1461,1
DA:1466,1
DA:1472,1
DA:1474,3
DA:1475,1
DA:1476,2
DA:1477,1
DA:1478,2
DA:1481,1
DA:1482,1
DA:1483,1
DA:1485,1
DA:1486,1
DA:1491,1
DA:1496,1
DA:1499,3
DA:1500,1
DA:1501,2
DA:1502,1
DA:1503,2
DA:1506,1
DA:1507,1
DA:1508,1
DA:1510,1
DA:1511,1
DA:1516,1
DA:1522,1
DA:1525,3
DA:1526,1
DA:1527,2
DA:1528,1
DA:1529,2
DA:1532,1
DA:1533,1
DA:1534,1
DA:1536,1
DA:1537,1
DA:1542,1
DA:1548,1
DA:1551,3
DA:1552,1
DA:1553,2
DA:1554,1
DA:1555,1
DA:1556,2
DA:1559,1
DA:1560,1
DA:1561,1
DA:1563,1
DA:1564,1
DA:1569,1
DA:1574,1
DA:1577,3
DA:1578,1
DA:1579,2
DA:1580,1
DA:1581,1
DA:1582,2
DA:1585,1
DA:1586,1
DA:1587,1
DA:1589,1
DA:1590,1
DA:1595,1
DA:1600,1
DA:1603,3
DA:1604,1
DA:1605,2
DA:1606,1
DA:1607,1
DA:1608,2
DA:1611,1
DA:1612,1
DA:1613,1
DA:1615,1
DA:1616,1
DA:1621,1
DA:1627,1
DA:1629,3
DA:1630,1
DA:1631,2
DA:1632,1
DA:1633,2
DA:1636,1
DA:1637,1
DA:1638,1
DA:1640,1
DA:1641,1
DA:1646,1
DA:1652,1
DA:1655,3
DA:1656,1
DA:1657,2
DA:1658,1
DA:1659,2
DA:1662,1
DA:1663,1
DA:1664,1
DA:1666,1
DA:1667,1
DA:1672,1
DA:1678,1
DA:1681,3
DA:1682,1
DA:1683,2
DA:1684,1
DA:1685,1
DA:1686,2
DA:1689,1
DA:1690,1
DA:1691,1
DA:1693,1
DA:1694,1
DA:1699,1
DA:1704,1
DA:1706,3
DA:1707,1
DA:1708,2
DA:1709,1
DA:1710,2
DA:1713,1
DA:1714,1
DA:1715,1
DA:1717,1
DA:1718,1
DA:1723,1
DA:1728,1
DA:1731,3
DA:1732,1
DA:1733,2
DA:1734,1
DA:1735,2
DA:1738,1
DA:1739,1
DA:1740,1
DA:1742,1
DA:1743,1
DA:1748,1
DA:1754,1
DA:1757,3
DA:1758,1
DA:1759,2
DA:1760,1
DA:1761,1
DA:1762,2
DA:1765,1
DA:1766,1
DA:1767,1
DA:1769,1
DA:1770,1
DA:1775,1
DA:1780,1
DA:1783,3
DA:1784,1
DA:1785,2
DA:1786,1
DA:1787,1
DA:1788,2
DA:1791,1
DA:1792,1
DA:1793,1
DA:1795,1
DA:1796,1
DA:1801,1
DA:1807,1
DA:1810,3
DA:1811,1
DA:1812,2
DA:1813,1
DA:1814,1
DA:1815,1
DA:1816,2
DA:1819,1
DA:1820,1
DA:1821,1
DA:1823,1
DA:1824,1
DA:1829,1
DA:1834,1
DA:1837,3
DA:1838,1
DA:1839,2
DA:1840,1
DA:1841,1
DA:1842,1
DA:1843,2
DA:1846,1
DA:1847,1
DA:1848,1
DA:1850,1
DA:1851,1
DA:1856,1
DA:1862,0
DA:1864,0
DA:1865,0
DA:1866,0
DA:1867,0
DA:1870,0
DA:1871,0
DA:1874,0
DA:1875,0
DA:1880,0
DA:1886,0
DA:1888,0
DA:1889,0
DA:1890,0
DA:1891,0
DA:1892,0
DA:1895,0
DA:1896,0
DA:1899,0
DA:1900,0
DA:1905,0
DA:1911,0
DA:1913,0
DA:1914,0
DA:1915,0
DA:1916,0
DA:1919,0
DA:1920,0
DA:1923,0
DA:1924,0
DA:1929,0
DA:1934,0
DA:1936,0
DA:1937,0
DA:1938,0
DA:1939,0
DA:1940,0
DA:1943,0
DA:1944,0
DA:1947,0
DA:1948,0
DA:1953,0
DA:1958,1
DA:1961,3
DA:1962,1
DA:1963,2
DA:1964,1
DA:1965,1
DA:1966,2
DA:1969,1
DA:1970,1
DA:1973,1
DA:1974,1
DA:1979,1
DA:1985,0
DA:1987,0
DA:1988,0
DA:1989,0
DA:1990,0
DA:1993,0
DA:1994,0
DA:1997,0
DA:1998,0
DA:2003,0
DA:2009,1
DA:2012,3
DA:2013,1
DA:2014,2
DA:2015,1
DA:2016,2
DA:2019,1
DA:2020,1
DA:2023,1
DA:2024,1
DA:2029,1
DA:2035,0
DA:2037,0
DA:2038,0
DA:2039,0
DA:2040,0
DA:2041,0
DA:2044,0
DA:2045,0
DA:2048,0
DA:2049,0
DA:2054,0
DA:2060,0
DA:2062,0
DA:2063,0
DA:2064,0
DA:2065,0
DA:2066,0
DA:2069,0
DA:2070,0
DA:2073,0
DA:2074,0
DA:2079,0
DA:2085,0
DA:2087,0
DA:2088,0
DA:2089,0
DA:2090,0
DA:2093,0
DA:2094,0
DA:2097,0
DA:2098,0
DA:2103,0
DA:2109,1
DA:2112,3
DA:2113,1
DA:2114,2
DA:2115,1
DA:2116,1
DA:2117,2
DA:2120,1
DA:2121,1
DA:2122,1
DA:2124,1
DA:2125,1
DA:2130,1
DA:2135,1
DA:2138,3
DA:2139,1
DA:2140,2
DA:2141,1
DA:2142,1
DA:2143,2
DA:2146,1
DA:2147,1
DA:2148,1
DA:2150,1
DA:2151,1
DA:2156,1
DA:2162,1
DA:2165,3
DA:2166,1
DA:2167,2
DA:2168,1
DA:2169,1
DA:2170,2
DA:2173,1
DA:2174,1
DA:2175,1
DA:2177,1
DA:2178,1
DA:2183,1
DA:2189,1
DA:2192,3
DA:2193,1
DA:2194,2
DA:2195,1
DA:2196,1
DA:2197,2
DA:2200,1
DA:2201,1
DA:2202,1
DA:2204,1
DA:2205,1
DA:2210,1
DA:2216,1
DA:2218,3
DA:2219,1
DA:2220,2
DA:2221,1
DA:2222,2
DA:2225,1
DA:2226,1
DA:2227,1
DA:2229,1
DA:2230,1
DA:2235,1
DA:2240,0
DA:2242,0
DA:2243,0
DA:2244,0
DA:2245,0
DA:2246,0
DA:2249,0
DA:2250,0
DA:2253,0
DA:2254,0
DA:2259,0
DA:2264,1
DA:2267,3
DA:2268,1
DA:2269,2
DA:2270,1
DA:2271,2
DA:2274,1
DA:2275,1
DA:2276,1
DA:2278,1
DA:2279,1
DA:2284,1
DA:2290,1
DA:2292,3
DA:2293,1
DA:2294,2
DA:2295,1
DA:2296,2
DA:2299,1
DA:2300,1
DA:2303,1
DA:2304,1
DA:2309,1
DA:2314,1
DA:2317,3
DA:2318,1
DA:2319,2
DA:2320,1
DA:2321,2
DA:2324,1
DA:2325,1
DA:2328,1
DA:2329,1
DA:2334,1
DA:2340,1
DA:2342,3
DA:2343,1
DA:2344,2
DA:2345,1
DA:2346,1
DA:2347,2
DA:2350,1
DA:2351,1
DA:2352,1
DA:2354,1
DA:2355,1
DA:2360,1
DA:2365,1
DA:2368,3
DA:2369,1
DA:2370,2
DA:2371,1
DA:2372,1
DA:2373,2
DA:2376,1
DA:2377,1
DA:2378,1
DA:2380,1
DA:2381,1
DA:2386,1
DA:2392,0
DA:2395,0
DA:2396,0
DA:2397,0
DA:2398,0
DA:2399,0
DA:2400,0
DA:2403,0
DA:2404,0
DA:2405,0
DA:2407,0
DA:2408,0
DA:2413,0
DA:2419,1
DA:2422,3
DA:2423,1
DA:2424,2
DA:2425,1
DA:2426,1
DA:2427,2
DA:2430,1
DA:2431,1
DA:2432,1
DA:2434,1
DA:2435,1
DA:2440,1
DA:2446,1
DA:2449,3
DA:2450,1
DA:2451,2
DA:2452,1
DA:2453,1
DA:2454,2
DA:2457,1
DA:2458,1
DA:2459,1
DA:2461,1
DA:2462,1
DA:2467,1
DA:2473,1
DA:2476,3
DA:2477,1
DA:2478,2
DA:2479,1
DA:2480,1
DA:2481,2
DA:2484,1
DA:2485,1
DA:2486,1
DA:2488,1
DA:2489,1
DA:2494,1
DA:2499,0
DA:2502,0
DA:2503,0
DA:2506,0
DA:2512,0
DA:2516,0
DA:2517,0
DA:2518,0
DA:2519,0
DA:2520,0
DA:2521,0
DA:2522,0
DA:2523,0
DA:2524,0
DA:2528,0
DA:2532,0
DA:2533,0
DA:2534,0
DA:2535,0
DA:2536,0
DA:2537,0
DA:2538,0
DA:2539,0
DA:2540,0
DA:2541,0
DA:2542,0
DA:2543,0
DA:2544,0
DA:2548,0
DA:2552,0
DA:2553,0
DA:2554,0
DA:2555,0
DA:2556,0
DA:2557,0
DA:2561,0
DA:2565,0
DA:2566,0
DA:2567,0
DA:2568,0
DA:2569,0
DA:2570,0
DA:2574,0
DA:2577,0
DA:2580,0
DA:2586,0
DA:2589,0
DA:2592,0
DA:2595,0
DA:2598,0
DA:2604,0
DA:2607,0
DA:2610,0
DA:2613,0
DA:2616,0
DA:2619,0
DA:2622,0
DA:2625,0
DA:2628,0
DA:2631,0
DA:2634,0
DA:2637,0
DA:2640,0
DA:2643,0
DA:2646,0
DA:2649,0
DA:2652,0
DA:2658,0
DA:2661,0
DA:2664,0
DA:2667,0
DA:2670,0
DA:2674,0
DA:2675,0
DA:2676,0
DA:2677,0
DA:2678,0
DA:2679,0
DA:2683,0
DA:2687,0
DA:2688,0
DA:2689,0
DA:2690,0
DA:2691,0
DA:2692,0
DA:2693,0
DA:2694,0
DA:2695,0
DA:2696,0
DA:2697,0
DA:2698,0
DA:2699,0
DA:2700,0
DA:2701,0
DA:2702,0
DA:2703,0
DA:2704,0
DA:2705,0
DA:2706,0
DA:2707,0
DA:2708,0
DA:2709,0
DA:2710,0
DA:2711,0
DA:2712,0
DA:2713,0
DA:2714,0
DA:2715,0
DA:2716,0
DA:2717,0
DA:2718,0
DA:2719,0
DA:2720,0
DA:2721,0
DA:2722,0
DA:2723,0
DA:2724,0
DA:2725,0
DA:2726,0
DA:2727,0
DA:2728,0
DA:2729,0
DA:2730,0
DA:2731,0
DA:2732,0
DA:2733,0
DA:2734,0
DA:2735,0
DA:2736,0
DA:2737,0
DA:2738,0
DA:2739,0
DA:2740,0
DA:2741,0
DA:2742,0
DA:2743,0
DA:2744,0
DA:2745,0
DA:2746,0
DA:2747,0
DA:2748,0
DA:2749,0
DA:2750,0
DA:2751,0
DA:2755,0
DA:2759,0
DA:2760,0
DA:2761,0
DA:2762,0
DA:2763,0
DA:2764,0
DA:2765,0
DA:2766,0
DA:2767,0
DA:2768,0
DA:2769,0
DA:2770,0
DA:2771,0
DA:2772,0
DA:2773,0
DA:2774,0
DA:2775,0
DA:2776,0
DA:2777,0
DA:2778,0
DA:2779,0
DA:2780,0
DA:2781,0
DA:2782,0
DA:2783,0
DA:2784,0
DA:2785,0
DA:2786,0
DA:2787,0
DA:2788,0
DA:2789,0
DA:2790,0
DA:2791,0
DA:2792,0
DA:2793,0
DA:2794,0
DA:2795,0
DA:2796,0
DA:2797,0
DA:2798,0
DA:2799,0
DA:2800,0
DA:2801,0
DA:2802,0
DA:2803,0
DA:2804,0
DA:2805,0
DA:2806,0
DA:2807,0
DA:2808,0
DA:2809,0
DA:2810,0
DA:2811,0
DA:2812,0
DA:2813,0
DA:2814,0
DA:2815,0
DA:2816,0
DA:2817,0
DA:2818,0
DA:2819,0
DA:2820,0
DA:2821,0
DA:2822,0
DA:2823,0
DA:2827,0
DA:2833,0
DA:2836,0
DA:2837,0
DA:2838,0
DA:2839,0
DA:2840,0
DA:2841,0
DA:2842,0
DA:2843,0
DA:2845,0
DA:2846,0
DA:2847,0
DA:2850,0
DA:2854,0
DA:2860,0
DA:2863,0
DA:2866,0
DA:2869,0
DA:2872,0
DA:2875,0
DA:2878,0
DA:2881,0
DA:2884,0
DA:2887,0
DA:2890,0
DA:2893,0
DA:2896,0
DA:2902,0
DA:2908,0
DA:2911,0
DA:2914,0
DA:2917,0
DA:2920,0
DA:2923,0
DA:2926,0
DA:2929,0
DA:2932,0
DA:2935,0
DA:2938,0
DA:2941,0
DA:2944,0
DA:2948,0
DA:2949,0
DA:2950,0
DA:2951,0
DA:2952,0
DA:2953,0
DA:2954,0
DA:2958,0
DA:2961,0
DA:2964,0
DA:2967,0
DA:2970,0
DA:2973,0
DA:2976,0
DA:2979,0
DA:2982,0
DA:2985,0
DA:2988,0
DA:2991,0
DA:2994,0
DA:2997,0
DA:3000,0
DA:3003,0
DA:3006,0
DA:3009,0
DA:3012,0
DA:3016,0
DA:3017,0
DA:3018,0
DA:3019,0
DA:3020,0
DA:3021,0
DA:3025,0
DA:3028,0
DA:3031,0
DA:3035,0
DA:3036,0
DA:3039,0
DA:3040,0
DA:3044,0
DA:3048,0
DA:3049,0
DA:3052,0
DA:3053,0
DA:3057,0
DA:3061,0
DA:3062,0
DA:3063,0
DA:3064,0
DA:3065,0
DA:3066,0
DA:3067,0
DA:3068,0
DA:3069,0
DA:3070,0
DA:3071,0
DA:3072,0
DA:3073,0
DA:3074,0
DA:3075,0
DA:3076,0
DA:3077,0
DA:3078,0
DA:3079,0
DA:3080,0
DA:3081,0
DA:3082,0
DA:3086,0
DA:3090,0
DA:3091,0
DA:3092,0
DA:3093,0
DA:3094,0
DA:3095,0
DA:3096,0
DA:3097,0
DA:3098,0
DA:3099,0
DA:3100,0
DA:3101,0
DA:3102,0
DA:3103,0
DA:3104,0
DA:3105,0
DA:3106,0
DA:3107,0
DA:3108,0
DA:3109,0
DA:3110,0
DA:3114,0
DA:3117,0
DA:3120,0
DA:3124,0
DA:3125,0
DA:3126,0
DA:3127,0
DA:3131,0
DA:3134,0
DA:3135,0
DA:3136,0
DA:3137,0
DA:3138,0
DA:3139,0
DA:3140,0
DA:3141,0
DA:3142,0
DA:3143,0
DA:3145,0
DA:3146,0
DA:3147,0
DA:3149,0
DA:3150,0
DA:3151,0
DA:3153,0
DA:3154,0
DA:3155,0
DA:3157,0
DA:3158,0
DA:3159,0
DA:3161,0
DA:3162,0
DA:3163,0
DA:3165,0
DA:3166,0
DA:3167,0
DA:3169,0
DA:3170,0
DA:3171,0
DA:3173,0
DA:3174,0
DA:3175,0
DA:3177,0
DA:3178,0
DA:3179,0
DA:3181,0
DA:3182,0
DA:3183,0
DA:3185,0
DA:3186,0
DA:3187,0
DA:3189,0
DA:3190,0
DA:3191,0
DA:3192,0
DA:3193,0
DA:3194,0
DA:3195,0
DA:3196,0
DA:3197,0
DA:3198,0
DA:3199,0
DA:3200,0
DA:3201,0
DA:3202,0
DA:3203,0
DA:3204,0
DA:3205,0
DA:3206,0
DA:3207,0
DA:3208,0
DA:3209,0
DA:3210,0
DA:3211,0
DA:3212,0
DA:3213,0
DA:3214,0
DA:3215,0
DA:3216,0
DA:3217,0
DA:3218,0
DA:3219,0
DA:3220,0
DA:3221,0
DA:3222,0
DA:3223,0
DA:3224,0
DA:3225,0
DA:3226,0
DA:3227,0
DA:3228,0
DA:3229,0
DA:3231,0
DA:3232,0
DA:3233,0
DA:3235,0
DA:3236,0
DA:3237,0
DA:3239,0
DA:3240,0
DA:3241,0
DA:3243,0
DA:3244,0
DA:3245,0
DA:3247,0
DA:3248,0
DA:3249,0
DA:3251,0
DA:3252,0
DA:3253,0
DA:3254,0
DA:3255,0
DA:3256,0
DA:3257,0
DA:3258,0
DA:3259,0
DA:3260,0
DA:3261,0
DA:3262,0
DA:3263,0
DA:3264,0
DA:3266,0
DA:3267,0
DA:3268,0
DA:3269,0
DA:3271,0
DA:3272,0
DA:3273,0
DA:3274,0
DA:3276,0
DA:3277,0
DA:3278,0
DA:3279,0
DA:3281,0
DA:3282,0
DA:3283,0
DA:3285,0
DA:3286,0
DA:3287,0
DA:3289,0
DA:3290,0
DA:3291,0
DA:3293,0
DA:3294,0
DA:3295,0
DA:3297,0
DA:3298,0
DA:3299,0
DA:3301,0
DA:3302,0
DA:3303,0
DA:3304,0
DA:3306,0
DA:3310,0
DA:3316,0
DA:3319,0
DA:3322,0
DA:3328,0
DA:3334,0
DA:3337,0
DA:3340,0
DA:3344,0
DA:3345,0
DA:3346,0
DA:3347,0
DA:3348,0
DA:3349,0
DA:3353,0
DA:3357,0
DA:3358,0
DA:3359,0
DA:3360,0
DA:3364,0
DA:3367,0
DA:3370,1
DA:3374,1
DA:3375,4
DA:3378,1
DA:3381,1
DA:3382,2
DA:3385,1
DA:3388,1
DA:3389,1
DA:3390,1
DA:3391,1
DA:3392,1
DA:3393,1
DA:3394,1
DA:3403,1
DA:3406,1
DA:3407,1
DA:3408,1
DA:3409,1
DA:3410,1
DA:3411,1
DA:3412,1
DA:3413,1
DA:3414,1
DA:3415,1
DA:3416,1
DA:3429,1
DA:3432,1
DA:3433,1
DA:3434,1
DA:3435,1
DA:3439,1
DA:3442,1
DA:3443,1
DA:3444,1
DA:3445,1
DA:3449,1
DA:3452,1
DA:3453,1
DA:3456,1
DA:3459,3
DA:3462,0
DA:3466,0
DA:3469,0
DA:3473,0
DA:3476,1
DA:3479,1
DA:3482,1
DA:3485,1
DA:3488,1
DA:3492,1
DA:3495,0
DA:3498,0
DA:3501,0
DA:3505,0
DA:3508,1
DA:3511,1
DA:3514,0
DA:3517,0
DA:3520,0
DA:3524,0
DA:3527,0
DA:3531,0
DA:3534,1
DA:3537,1
DA:3540,1
DA:3543,1
DA:3546,0
DA:3550,0
DA:3553,1
DA:3556,1
DA:3557,1
DA:3558,1
DA:3559,1
DA:3562,0
DA:3565,0
DA:3566,0
DA:3567,0
DA:3568,0
DA:3569,0
DA:3570,0
DA:3571,0
DA:3572,0
DA:3573,0
DA:3574,0
DA:3575,0
DA:3576,0
DA:3577,0
DA:3578,0
DA:3579,0
DA:3580,0
DA:3581,0
DA:3582,0
DA:3583,0
DA:3584,0
DA:3585,0
DA:3586,0
DA:3587,0
DA:3588,0
DA:3589,0
DA:3590,0
DA:3591,0
DA:3592,0
DA:3593,0
DA:3594,0
DA:3595,0
DA:3596,0
DA:3597,0
DA:3598,0
DA:3599,0
DA:3600,0
DA:3601,0
DA:3602,0
DA:3603,0
DA:3604,0
DA:3605,0
DA:3606,0
DA:3607,0
DA:3608,0
DA:3609,0
DA:3610,0
DA:3611,0
DA:3612,0
DA:3613,0
DA:3614,0
DA:3615,0
DA:3616,0
DA:3617,0
DA:3618,0
DA:3619,0
DA:3620,0
DA:3621,0
DA:3622,0
DA:3623,0
DA:3624,0
DA:3625,0
DA:3626,0
DA:3627,0
DA:3692,1
DA:3695,1
DA:3696,1
DA:3697,1
DA:3698,1
DA:3699,1
DA:3700,1
DA:3701,1
DA:3702,1
DA:3703,1
DA:3704,1
DA:3705,1
DA:3706,1
DA:3707,1
DA:3708,1
DA:3709,1
DA:3710,1
DA:3711,1
DA:3712,1
DA:3713,1
DA:3714,1
DA:3715,1
DA:3716,1
DA:3717,1
DA:3718,1
DA:3719,1
DA:3720,1
DA:3721,1
DA:3722,1
DA:3723,1
DA:3724,1
DA:3725,1
DA:3726,1
DA:3727,1
DA:3728,1
DA:3729,1
DA:3730,1
DA:3731,1
DA:3732,1
DA:3733,1
DA:3734,1
DA:3735,1
DA:3736,1
DA:3737,1
DA:3738,1
DA:3739,1
DA:3740,1
DA:3741,1
DA:3742,1
DA:3743,1
DA:3744,1
DA:3745,1
DA:3746,1
DA:3747,1
DA:3748,1
DA:3749,1
DA:3750,1
DA:3751,1
DA:3752,1
DA:3753,1
DA:3754,1
DA:3755,1
DA:3756,1
DA:3757,1
DA:3822,1
DA:3825,2
DA:3828,1
DA:3833,1
DA:3835,1
DA:3836,0
DA:3837,1
DA:3838,1
DA:3839,1
DA:3840,1
DA:3841,1
DA:3842,0
DA:3843,0
DA:3844,0
DA:3846,0
DA:3850,1
DA:3853,2
DA:3856,1
DA:3859,2
DA:3862,1
DA:3865,1
DA:3866,1
DA:3869,1
DA:3873,1
DA:3874,1
DA:3875,2
DA:3876,2
DA:3881,1
DA:3885,1
DA:3886,1
DA:3887,2
DA:3888,2
DA:3893,1
DA:3898,1
DA:3899,1
DA:3900,2
DA:3901,2
DA:3906,1
DA:3910,1
DA:3911,1
DA:3912,2
DA:3913,2
DA:3918,0
DA:3921,0
DA:3922,0
DA:3925,1
DA:3928,1
DA:3929,2
DA:3932,1
DA:3937,1
DA:3938,1
DA:3939,2
DA:3940,2
DA:3945,1
DA:3950,1
DA:3951,1
DA:3952,1
DA:3953,0
DA:3958,0
DA:3962,0
DA:3963,0
DA:3964,0
DA:3965,0
DA:3970,1
DA:3975,1
DA:3976,1
DA:3977,2
DA:3978,2
DA:3983,1
DA:3988,1
DA:3989,1
DA:3990,2
DA:3991,2
DA:3996,0
DA:3999,0
DA:4000,0
DA:4003,1
DA:4006,1
DA:4007,1
DA:4008,1
DA:4009,1
DA:4010,1
DA:4017,1
DA:4021,1
DA:4022,1
DA:4028,1
DA:4032,1
DA:4033,1
DA:4039,1
DA:4043,1
DA:4044,1
DA:4050,1
DA:4055,1
DA:4056,1
DA:4062,1
DA:4066,1
DA:4067,0
DA:4073,1
DA:4077,1
DA:4078,1
DA:4084,1
DA:4088,1
DA:4089,1
DA:4095,1
DA:4099,1
DA:4100,1
DA:4106,0
DA:4110,0
DA:4111,0
DA:4117,1
DA:4120,1
DA:4121,1
DA:4122,1
DA:4123,1
DA:4127,1
DA:4130,1
DA:4131,1
DA:4134,1
DA:4138,1
DA:4139,1
DA:4143,0
DA:4146,0
DA:4147,0
DA:4151,1
DA:4154,1
DA:4155,1
DA:4156,1
DA:4157,1
DA:4158,1
DA:4159,1
DA:4160,1
DA:4161,1
DA:4162,1
DA:4163,1
DA:4164,1
DA:4165,1
DA:4166,1
DA:4167,1
DA:4168,1
DA:4169,1
DA:4170,1
DA:4171,1
DA:4172,1
DA:4173,1
DA:4195,0
DA:4198,0
DA:4199,0
DA:4200,0
DA:4201,0
DA:4202,0
DA:4203,0
DA:4204,0
DA:4205,0
DA:4206,0
DA:4207,0
DA:4208,0
DA:4209,0
DA:4210,0
DA:4211,0
DA:4212,0
DA:4213,0
DA:4214,0
DA:4215,0
DA:4216,0
DA:4237,0
DA:4240,0
DA:4241,0
DA:4244,1
DA:4247,1
DA:4248,1
DA:4251,1
DA:4255,1
DA:4257,1
DA:4258,1
DA:4259,1
DA:4260,0
DA:4261,1
DA:4262,0
DA:4263,1
DA:4264,1
DA:4265,1
DA:4266,1
DA:4267,1
DA:4268,1
DA:4269,1
DA:4270,1
DA:4271,1
DA:4272,1
DA:4273,1
DA:4274,1
DA:4275,1
DA:4276,1
DA:4277,1
DA:4278,1
DA:4279,1
DA:4280,1
DA:4281,1
DA:4282,1
DA:4283,1
DA:4284,1
DA:4285,1
DA:4286,1
DA:4287,1
DA:4288,0
DA:4289,0
DA:4290,1
DA:4291,0
DA:4292,0
DA:4293,1
DA:4294,1
DA:4295,1
DA:4296,1
DA:4297,1
DA:4298,1
DA:4299,1
DA:4300,1
DA:4301,1
DA:4302,1
DA:4303,1
DA:4304,1
DA:4305,1
DA:4306,1
DA:4307,1
DA:4308,1
DA:4309,1
DA:4310,1
DA:4311,1
DA:4312,1
DA:4313,1
DA:4314,1
DA:4315,1
DA:4316,0
DA:4317,1
DA:4318,1
DA:4319,1
DA:4320,1
DA:4321,1
DA:4322,0
DA:4323,1
DA:4324,0
DA:4325,1
DA:4326,0
DA:4327,1
DA:4328,0
DA:4329,1
DA:4330,1
DA:4331,1
DA:4332,1
DA:4333,1
DA:4334,0
DA:4335,1
DA:4336,0
DA:4337,1
DA:4338,1
DA:4339,1
DA:4340,1
DA:4341,1
DA:4342,1
DA:4343,1
DA:4344,1
DA:4345,1
DA:4346,1
DA:4347,1
DA:4348,1
DA:4349,1
DA:4350,1
DA:4351,1
DA:4352,1
DA:4353,1
DA:4354,1
DA:4355,1
DA:4356,1
DA:4357,1
DA:4358,1
DA:4359,1
DA:4360,1
DA:4361,1
DA:4362,1
DA:4363,1
DA:4364,1
DA:4365,1
DA:4366,1
DA:4367,1
DA:4368,1
DA:4370,1
DA:4371,1
DA:4372,1
DA:4373,1
DA:4375,1
DA:4376,1
DA:4377,1
DA:4378,1
DA:4380,1
DA:4381,1
DA:4382,1
DA:4383,1
DA:4384,1
DA:4385,1
DA:4386,1
DA:4387,1
DA:4388,1
DA:4389,1
DA:4390,1
DA:4391,0
DA:4392,0
DA:4393,1
DA:4394,0
DA:4395,0
DA:4396,1
DA:4397,0
DA:4398,0
DA:4399,1
DA:4400,1
DA:4401,1
DA:4402,1
DA:4404,0
DA:4408,1
DA:4411,2
DA:4414,1
DA:4417,2
DA:4420,0
DA:4423,0
DA:4426,1
DA:4431,0
DA:4434,0
DA:4437,1
DA:4440,1
DA:4441,1
DA:4442,1
DA:4443,1
DA:4447,1
DA:4450,1
DA:4451,1
DA:4454,1
DA:4458,1
DA:4459,1
DA:4462,0
DA:4466,0
DA:4467,0
DA:4470,1
DA:4473,3
DA:4476,0
DA:4480,0
DA:4481,0
DA:4482,0
DA:4483,0
DA:4484,0
DA:4485,0
DA:4488,0
DA:4492,0
DA:4493,0
DA:4494,0
DA:4495,0
DA:4496,0
DA:4497,0
DA:4498,0
DA:4499,0
DA:4500,0
DA:4501,0
DA:4504,0
DA:4508,0
DA:4509,0
DA:4510,0
DA:4513,0
DA:4516,0
DA:4517,0
DA:4518,0
DA:4521,0
DA:4524,0
DA:4527,1
DA:4530,2
DA:4533,1
DA:4537,1
DA:4540,1
DA:4544,1
DA:4547,1
DA:4550,1
DA:4553,0
DA:4557,0
DA:4560,0
DA:4564,0
DA:4567,0
DA:4571,0
DA:4574,1
DA:4578,1
DA:4581,1
DA:4584,1
DA:4587,1
DA:4591,1
DA:4594,1
DA:4598,1
DA:4601,0
DA:4605,0
DA:4608,1
DA:4611,1
DA:4614,0
DA:4617,0
DA:4620,1
DA:4624,1
DA:4627,1
DA:4630,2
DA:4631,2
DA:4632,2
DA:4635,1
DA:4639,2
DA:4640,2
DA:4641,2
DA:4642,2
DA:4643,2
DA:4644,2
DA:4645,2
DA:4646,2
DA:4647,2
DA:4648,2
DA:4649,2
DA:4650,2
DA:4651,2
DA:4652,2
DA:4653,2
DA:4654,2
DA:4655,2
DA:4656,2
DA:4657,2
DA:4658,2
DA:4659,2
DA:4660,2
DA:4661,2
DA:4662,2
DA:4663,2
DA:4664,2
DA:4665,2
DA:4666,2
DA:4667,2
DA:4668,2
DA:4669,2
DA:4670,2
DA:4671,2
DA:4672,2
DA:4673,2
DA:4674,2
DA:4675,2
DA:4676,2
DA:4677,2
DA:4678,2
DA:4679,2
DA:4680,2
DA:4681,2
DA:4682,2
DA:4683,2
DA:4684,2
DA:4685,2
DA:4686,2
DA:4687,2
DA:4688,2
DA:4689,2
DA:4690,2
DA:4691,2
DA:4692,2
DA:4693,2
DA:4694,2
DA:4695,2
DA:4696,2
DA:4697,2
DA:4698,2
DA:4699,2
DA:4700,2
DA:4703,1
DA:4706,2
DA:4707,2
DA:4708,2
DA:4709,2
DA:4710,2
DA:4711,2
DA:4712,2
DA:4713,2
DA:4714,2
DA:4715,2
DA:4716,2
DA:4717,2
DA:4718,2
DA:4719,2
DA:4720,2
DA:4721,2
DA:4722,2
DA:4723,2
DA:4724,2
DA:4725,2
DA:4726,2
DA:4727,2
DA:4728,2
DA:4729,2
DA:4730,2
DA:4731,2
DA:4732,2
DA:4733,2
DA:4734,2
DA:4735,2
DA:4736,2
DA:4737,2
DA:4738,2
DA:4739,2
DA:4740,2
DA:4741,2
DA:4742,2
DA:4743,2
DA:4744,2
DA:4745,2
DA:4746,2
DA:4747,2
DA:4748,2
DA:4749,2
DA:4750,2
DA:4751,2
DA:4752,2
DA:4753,2
DA:4754,2
DA:4755,2
DA:4756,2
DA:4757,2
DA:4758,2
DA:4759,2
DA:4760,2
DA:4761,2
DA:4762,2
DA:4763,2
DA:4764,2
DA:4765,2
DA:4766,2
DA:4767,2
DA:4770,1
DA:4773,2
DA:4776,0
DA:4781,0
DA:4782,0
DA:4783,0
DA:4784,0
DA:4785,0
DA:4786,0
DA:4787,0
DA:4788,0
DA:4789,0
DA:4790,0
DA:4794,1
DA:4797,2
DA:4800,0
DA:4803,0
DA:4806,1
DA:4810,2
DA:4813,1
DA:4816,2
DA:4817,2
DA:4818,1
DA:4822,1
DA:4825,2
DA:4826,2
DA:4827,1
DA:4831,1
DA:4835,2
DA:4836,2
DA:4837,1
DA:4841,1
DA:4844,2
DA:4845,2
DA:4846,1
DA:4850,1
DA:4854,2
DA:4855,1
DA:4856,2
DA:4859,1
DA:4863,2
DA:4864,2
DA:4867,0
DA:4871,0
DA:4872,0
DA:4873,0
DA:4877,0
DA:4881,0
DA:4882,0
DA:4883,0
DA:4887,1
DA:4891,2
DA:4892,2
DA:4893,1
DA:4897,1
DA:4901,2
DA:4902,2
DA:4903,1
DA:4907,1
DA:4911,2
DA:4912,2
DA:4913,1
DA:4917,0
DA:4920,0
DA:4923,1
DA:4927,2
DA:4928,2
DA:4929,2
DA:4930,2
DA:4933,1
DA:4937,1
DA:4939,1
DA:4943,1
DA:4947,1
DA:4949,1
DA:4953,0
DA:4958,0
DA:4960,0
DA:4964,0
DA:4969,0
DA:4971,0
DA:4975,1
DA:4980,1
DA:4982,0
DA:4986,0
DA:4990,0
DA:4992,0
DA:4996,1
DA:5000,1
DA:5002,1
DA:5006,0
DA:5010,0
DA:5012,0
DA:5016,1
DA:5021,1
DA:5023,0
DA:5027,1
DA:5030,2
DA:5031,2
DA:5032,2
DA:5035,1
DA:5038,2
DA:5041,0
DA:5045,0
DA:5046,0
DA:5049,0
DA:5053,0
DA:5054,0
DA:5057,1
DA:5060,2
DA:5061,2
DA:5062,2
DA:5063,2
DA:5064,2
DA:5065,2
DA:5066,2
DA:5067,2
DA:5068,2
DA:5069,2
DA:5070,2
DA:5071,2
DA:5072,2
DA:5073,2
DA:5074,2
DA:5075,2
DA:5076,2
DA:5077,2
DA:5078,2
DA:5081,1
DA:5084,2
DA:5085,2
DA:5086,2
DA:5087,2
DA:5088,2
DA:5089,2
DA:5090,2
DA:5091,2
DA:5092,2
DA:5093,2
DA:5094,2
DA:5095,2
DA:5096,2
DA:5097,2
DA:5098,2
DA:5099,2
DA:5100,2
DA:5101,2
DA:5104,1
DA:5107,2
DA:5110,1
DA:5113,2
DA:5116,1
DA:5120,1
DA:5121,1
DA:5122,1
DA:5123,0
DA:5124,1
DA:5125,0
DA:5126,2
DA:5127,1
DA:5128,1
DA:5129,2
DA:5130,1
DA:5131,1
DA:5132,2
DA:5133,1
DA:5134,1
DA:5135,2
DA:5136,1
DA:5137,1
DA:5138,2
DA:5139,1
DA:5140,1
DA:5141,2
DA:5142,1
DA:5143,1
DA:5144,2
DA:5145,1
DA:5146,1
DA:5147,2
DA:5148,1
DA:5149,1
DA:5150,1
DA:5151,0
DA:5152,0
DA:5153,1
DA:5154,0
DA:5155,0
DA:5156,2
DA:5157,1
DA:5158,1
DA:5159,2
DA:5160,1
DA:5161,1
DA:5162,1
DA:5163,1
DA:5164,1
DA:5165,1
DA:5166,1
DA:5167,1
DA:5168,1
DA:5169,1
DA:5170,1
DA:5171,1
DA:5172,1
DA:5173,1
DA:5174,1
DA:5175,1
DA:5176,1
DA:5177,1
DA:5178,1
DA:5179,0
DA:5180,1
DA:5181,1
DA:5182,1
DA:5183,1
DA:5184,1
DA:5185,0
DA:5186,1
DA:5187,0
DA:5188,1
DA:5189,0
DA:5190,1
DA:5191,0
DA:5192,1
DA:5193,1
DA:5194,1
DA:5195,1
DA:5196,1
DA:5197,0
DA:5198,1
DA:5199,0
DA:5200,2
DA:5201,1
DA:5202,1
DA:5203,2
DA:5204,1
DA:5205,1
DA:5206,2
DA:5207,1
DA:5208,1
DA:5209,2
DA:5210,1
DA:5211,1
DA:5212,2
DA:5213,1
DA:5214,1
DA:5215,2
DA:5216,1
DA:5217,1
DA:5218,1
DA:5219,1
DA:5220,1
DA:5221,1
DA:5222,1
DA:5223,1
DA:5224,1
DA:5225,1
DA:5226,1
DA:5227,1
DA:5228,1
DA:5229,1
DA:5230,1
DA:5232,1
DA:5233,1
DA:5234,1
DA:5235,1
DA:5236,1
DA:5237,1
DA:5239,1
DA:5240,1
DA:5241,1
DA:5242,1
DA:5243,1
DA:5244,1
DA:5246,1
DA:5247,1
DA:5248,1
DA:5249,3
DA:5250,1
DA:5251,1
DA:5252,1
DA:5253,2
DA:5254,1
DA:5255,1
DA:5256,2
DA:5257,1
DA:5258,1
DA:5259,1
DA:5260,0
DA:5261,0
DA:5262,1
DA:5263,0
DA:5264,0
DA:5265,1
DA:5266,0
DA:5267,0
DA:5268,1
DA:5269,1
DA:5270,1
DA:5271,1
DA:5275,1
DA:5278,2
DA:5281,1
DA:5284,2
DA:5287,0
DA:5290,0
DA:5293,0
DA:5298,0
DA:5301,0
DA:5304,1
DA:5308,2
DA:5309,2
DA:5310,2
DA:5313,1
DA:5317,2
DA:5320,1
DA:5324,2
LF:2583
LH:1509
end_of_record
SF:lib/src/copy_with.dart
DA:8,1
DA:25,1
DA:26,1
DA:27,1
DA:28,1
DA:29,1
DA:30,1
DA:31,1
DA:32,1
DA:33,1
DA:34,1
DA:35,1
DA:36,1
DA:37,1
DA:38,1
DA:39,1
DA:40,1
DA:45,1
DA:61,1
DA:62,1
DA:63,1
DA:64,1
DA:65,1
DA:66,1
DA:67,1
DA:68,1
DA:69,1
DA:70,1
DA:71,1
DA:72,1
DA:73,1
DA:74,1
DA:75,1
DA:80,1
DA:85,1
DA:86,1
DA:87,1
DA:88,1
LF:38
LH:38
end_of_record
SF:lib/src/rust/api/picture.dart
DA:32,1
DA:39,0
DA:43,0
DA:46,0
DA:47,0
DA:49,0
DA:52,0
DA:53,0
DA:54,0
DA:55,0
DA:56,0
LF:11
LH:1
end_of_record
SF:lib/src/rust/api/tag.dart
DA:72,1
DA:94,0
DA:97,0
DA:101,0
DA:103,0
DA:104,0
DA:105,0
DA:106,0
DA:107,0
DA:108,0
DA:109,0
DA:110,0
DA:111,0
DA:112,0
DA:113,0
DA:114,0
DA:115,0
DA:116,0
DA:117,0
DA:118,0
DA:119,0
DA:120,0
DA:121,0
DA:123,0
DA:126,0
DA:127,0
DA:128,0
DA:129,0
DA:130,0
DA:131,0
DA:132,0
DA:133,0
DA:134,0
DA:135,0
DA:136,0
DA:137,0
DA:138,0
DA:139,0
DA:140,0
DA:141,0
DA:142,0
DA:143,0
DA:144,0
DA:145,0
DA:146,0
LF:45
LH:1
end_of_record
SF:lib/src/rust/api/tag_changes.dart
DA:15,1
DA:16,3
DA:19,1
DA:21,2
DA:22,1
DA:48,1
DA:69,0
DA:70,0
DA:73,0
DA:74,0
DA:78,0
DA:80,0
DA:81,0
DA:82,0
DA:83,0
DA:84,0
DA:85,0
DA:86,0
DA:87,0
DA:88,0
DA:89,0
DA:90,0
DA:91,0
DA:92,0
DA:93,0
DA:94,0
DA:95,0
DA:96,0
DA:97,0
DA:99,0
DA:102,0
DA:103,0
DA:104,0
DA:105,0
DA:106,0
DA:107,0
DA:108,0
DA:109,0
DA:110,0
DA:111,0
DA:112,0
DA:113,0
DA:114,0
DA:115,0
DA:116,0
DA:117,0
DA:118,0
DA:119,0
DA:120,0
DA:121,0
LF:50
LH:6
end_of_record
SF:lib/src/rust/api/api.dart
DA:21,1
DA:22,3
DA:25,1
DA:26,3
DA:28,1
DA:29,3
DA:32,1
DA:33,3
DA:36,1
DA:37,3
DA:40,1
DA:42,2
DA:43,1
DA:46,1
DA:47,3
DA:50,1
DA:51,3
DA:54,1
DA:56,3
DA:59,1
DA:61,2
DA:62,1
DA:69,1
DA:71,2
DA:72,1
DA:75,1
DA:77,3
DA:82,1
DA:83,3
DA:87,1
DA:88,3
DA:95,1
DA:96,3
DA:99,1
DA:101,3
DA:107,1
DA:109,2
DA:110,1
DA:113,1
DA:117,2
DA:118,1
DA:121,1
DA:122,3
DA:125,1
DA:127,2
DA:128,1
DA:132,1
DA:133,3
DA:137,1
DA:138,3
DA:144,1
DA:146,3
DA:149,1
DA:151,2
DA:152,1
DA:155,1
DA:156,3
DA:159,1
DA:160,3
DA:163,1
DA:164,3
DA:167,1
DA:168,3
DA:171,1
DA:172,3
DA:175,1
DA:176,3
DA:179,1
DA:180,3
DA:184,1
DA:185,3
DA:188,1
DA:189,3
DA:192,1
DA:194,3
DA:203,0
DA:204,0
DA:209,1
DA:210,3
DA:213,0
DA:215,0
DA:218,0
DA:220,0
DA:223,1
DA:229,3
DA:237,1
DA:243,3
DA:251,0
DA:253,0
DA:256,0
DA:258,0
DA:261,0
DA:263,0
DA:266,0
DA:269,0
DA:270,0
DA:292,1
DA:301,0
DA:303,0
DA:304,0
DA:305,0
DA:306,0
DA:307,0
DA:308,0
DA:310,0
DA:313,0
DA:314,0
DA:315,0
DA:316,0
DA:317,0
DA:318,0
DA:319,0
DA:320,0
DA:334,1
DA:340,0
DA:341,0
DA:343,0
DA:346,0
DA:347,0
DA:348,0
DA:349,0
DA:350,0
DA:364,1
DA:370,0
DA:371,0
DA:373,0
DA:376,0
DA:377,0
DA:378,0
DA:379,0
DA:380,0
LF:131
LH:84
end_of_record
SF:lib/src/rust/api/error.dart
DA:17,1
LF:1
LH:1
end_of_record
SF:lib/src/rust/api/audio_properties.dart
DA:14,1
DA:15,3
DA:18,1
DA:19,2
DA:20,1
DA:54,1
DA:67,0
DA:69,0
DA:70,0
DA:71,0
DA:72,0
DA:73,0
DA:74,0
DA:75,0
DA:76,0
DA:77,0
DA:78,0
DA:80,0
DA:83,0
DA:84,0
DA:85,0
DA:86,0
DA:87,0
DA:88,0
DA:89,0
DA:90,0
DA:91,0
DA:92,0
DA:93,0
DA:94,0
LF:30
LH:6
end_of_record
SF:lib/src/rust/api/validation.dart
DA:13,0
DA:14,0
DA:21,1
DA:27,0
DA:28,0
DA:30,0
DA:33,0
DA:34,0
DA:35,0
DA:36,0
DA:37,0
DA:43,1
DA:47,1
DA:48,3
DA:52,0
DA:53,0
DA:55,0
DA:58,0
DA:59,0
DA:60,0
LF:20
LH:4
end_of_record
SF:lib/src/rust/api/normalization.dart
DA:14,0
DA:15,0
DA:30,1
DA:37,1
DA:38,3
DA:40,0
DA:42,0
DA:43,0
DA:44,0
DA:45,0
DA:47,0
DA:50,0
DA:51,0
DA:52,0
DA:53,0
DA:54,0
DA:55,0
LF:17
LH:3
end_of_record
SF:lib/src/rust/api/chapters.dart
DA:14,0
DA:15,0
DA:19,0
DA:21,0
DA:25,1
DA:26,3
DA:29,1
DA:31,2
DA:32,1
DA:35,1
DA:36,3
DA:39,1
DA:41,2
DA:42,1
DA:55,1
DA:61,0
DA:62,0
DA:64,0
DA:67,0
DA:68,0
DA:69,0
DA:70,0
DA:71,0
LF:23
LH:11
end_of_record
SF:lib/src/rust/api/extended.dart
DA:14,1
DA:15,3
DA:18,1
DA:19,3
DA:22,1
DA:23,3
DA:26,1
DA:28,2
DA:29,1
DA:32,1
DA:34,2
DA:35,1
DA:38,1
DA:40,3
DA:44,1
DA:45,3
DA:48,1
DA:49,3
DA:116,1
DA:181,0
DA:182,0
DA:184,0
DA:185,0
DA:189,0
DA:191,0
DA:192,0
DA:193,0
DA:194,0
DA:195,0
DA:196,0
DA:197,0
DA:198,0
DA:199,0
DA:200,0
DA:201,0
DA:202,0
DA:203,0
DA:204,0
DA:205,0
DA:206,0
DA:207,0
DA:208,0
DA:209,0
DA:210,0
DA:211,0
DA:212,0
DA:213,0
DA:214,0
DA:215,0
DA:216,0
DA:217,0
DA:218,0
DA:219,0
DA:220,0
DA:221,0
DA:222,0
DA:223,0
DA:224,0
DA:225,0
DA:226,0
DA:227,0
DA:228,0
DA:229,0
DA:230,0
DA:231,0
DA:232,0
DA:233,0
DA:234,0
DA:235,0
DA:236,0
DA:237,0
DA:238,0
DA:239,0
DA:240,0
DA:241,0
DA:242,0
DA:243,0
DA:244,0
DA:245,0
DA:246,0
DA:247,0
DA:248,0
DA:249,0
DA:250,0
DA:251,0
DA:252,0
DA:254,0
DA:257,0
DA:258,0
DA:259,0
DA:260,0
DA:261,0
DA:262,0
DA:263,0
DA:264,0
DA:265,0
DA:266,0
DA:267,0
DA:268,0
DA:269,0
DA:270,0
DA:271,0
DA:272,0
DA:273,0
DA:274,0
DA:275,0
DA:276,0
DA:277,0
DA:278,0
DA:279,0
DA:280,0
DA:281,0
DA:282,0
DA:283,0
DA:284,0
DA:285,0
DA:286,0
DA:287,0
DA:288,0
DA:289,0
DA:290,0
DA:291,0
DA:292,0
DA:293,0
DA:294,0
DA:295,0
DA:296,0
DA:297,0
DA:298,0
DA:299,0
DA:300,0
DA:301,0
DA:302,0
DA:303,0
DA:304,0
DA:305,0
DA:306,0
DA:307,0
DA:308,0
DA:309,0
DA:310,0
DA:311,0
DA:312,0
DA:313,0
DA:314,0
DA:315,0
DA:316,0
DA:317,0
DA:318,0
DA:319,0
DA:320,0
DA:393,1
DA:458,0
DA:459,0
DA:461,0
DA:462,0
DA:466,0
DA:468,0
DA:469,0
DA:470,0
DA:471,0
DA:472,0
DA:473,0
DA:474,0
DA:475,0
DA:476,0
DA:477,0
DA:478,0
DA:479,0
DA:480,0
DA:481,0
DA:482,0
DA:483,0
DA:484,0
DA:485,0
DA:486,0
DA:487,0
DA:488,0
DA:489,0
DA:490,0
DA:491,0
DA:492,0
DA:493,0
DA:494,0
DA:495,0
DA:496,0
DA:497,0
DA:498,0
DA:499,0
DA:500,0
DA:501,0
DA:502,0
DA:503,0
DA:504,0
DA:505,0
DA:506,0
DA:507,0
DA:508,0
DA:509,0
DA:510,0
DA:511,0
DA:512,0
DA:513,0
DA:514,0
DA:515,0
DA:516,0
DA:517,0
DA:518,0
DA:519,0
DA:520,0
DA:521,0
DA:522,0
DA:523,0
DA:524,0
DA:525,0
DA:526,0
DA:527,0
DA:528,0
DA:529,0
DA:531,0
DA:534,0
DA:535,0
DA:536,0
DA:537,0
DA:538,0
DA:539,0
DA:540,0
DA:541,0
DA:542,0
DA:543,0
DA:544,0
DA:545,0
DA:546,0
DA:547,0
DA:548,0
DA:549,0
DA:550,0
DA:551,0
DA:552,0
DA:553,0
DA:554,0
DA:555,0
DA:556,0
DA:557,0
DA:558,0
DA:559,0
DA:560,0
DA:561,0
DA:562,0
DA:563,0
DA:564,0
DA:565,0
DA:566,0
DA:567,0
DA:568,0
DA:569,0
DA:570,0
DA:571,0
DA:572,0
DA:573,0
DA:574,0
DA:575,0
DA:576,0
DA:577,0
DA:578,0
DA:579,0
DA:580,0
DA:581,0
DA:582,0
DA:583,0
DA:584,0
DA:585,0
DA:586,0
DA:587,0
DA:588,0
DA:589,0
DA:590,0
DA:591,0
DA:592,0
DA:593,0
DA:594,0
DA:595,0
DA:596,0
DA:597,0
LF:284
LH:20
end_of_record
SF:lib/src/pipeline.dart
DA:17,0
DA:24,0
DA:26,0
DA:27,0
DA:36,0
DA:42,0
DA:43,0
DA:66,2
DA:69,0
DA:70,0
DA:73,0
DA:78,1
DA:79,2
DA:84,0
DA:85,0
DA:90,0
DA:91,0
DA:98,1
DA:99,3
DA:104,1
DA:105,3
DA:110,1
DA:111,3
DA:116,1
DA:117,3
DA:122,1
DA:123,3
DA:128,1
DA:129,3
DA:134,1
DA:135,3
DA:140,1
DA:141,3
DA:146,0
DA:147,0
DA:152,0
DA:153,0
DA:158,1
DA:159,3
DA:164,1
DA:165,3
DA:172,1
DA:173,2
DA:178,1
DA:179,2
DA:184,1
DA:185,2
DA:190,1
DA:191,2
DA:196,1
DA:197,2
DA:202,1
DA:203,2
DA:208,1
DA:209,2
DA:214,1
DA:215,2
DA:220,0
DA:221,0
DA:226,1
DA:227,2
DA:232,1
DA:233,2
DA:238,0
DA:239,0
DA:244,0
DA:245,0
DA:252,0
DA:253,0
DA:258,0
DA:259,0
DA:264,1
DA:265,2
DA:272,1
DA:273,2
DA:278,0
DA:279,0
DA:284,0
DA:285,0
DA:292,1
DA:293,3
DA:298,1
DA:299,3
DA:304,1
DA:305,3
DA:310,1
DA:311,3
DA:316,1
DA:317,3
DA:322,1
DA:323,3
DA:330,1
DA:331,2
DA:336,1
DA:337,2
DA:342,1
DA:343,2
DA:348,1
DA:349,2
DA:354,1
DA:355,2
DA:362,1
DA:363,3
DA:368,1
DA:369,3
DA:374,1
DA:375,3
DA:380,1
DA:381,3
DA:388,1
DA:389,3
DA:394,1
DA:395,3
DA:400,0
DA:401,0
DA:406,0
DA:407,0
DA:412,0
DA:413,0
DA:420,1
DA:421,2
DA:428,1
DA:429,2
DA:436,1
DA:437,2
DA:438,1
DA:445,0
DA:446,0
DA:448,0
DA:450,0
DA:451,0
DA:452,0
DA:460,0
DA:461,0
DA:463,0
DA:465,0
DA:466,0
DA:467,0
DA:475,0
DA:476,0
DA:480,0
DA:481,0
DA:488,0
DA:489,0
DA:490,0
DA:496,0
DA:499,0
DA:501,0
DA:503,0
DA:507,0
DA:510,3
DA:513,3
DA:515,0
DA:516,0
DA:518,0
DA:519,0
DA:520,0
DA:524,0
DA:525,0
DA:526,0
DA:527,0
DA:528,0
DA:529,0
DA:530,0
DA:531,0
DA:532,0
DA:533,0
DA:534,0
DA:535,0
DA:536,0
DA:538,0
DA:539,0
DA:541,0
DA:542,0
LF:174
LH:90
end_of_record
SF:lib/src/rust/api/pipeline.dart
DA:17,0
DA:18,0
DA:21,0
DA:22,0
DA:23,0
DA:29,1
DA:34,3
DA:35,1
DA:37,0
DA:38,0
DA:41,1
DA:42,3
DA:45,0
DA:46,0
DA:51,0
DA:57,0
DA:58,0
DA:60,0
DA:61,0
DA:63,0
DA:66,0
DA:67,0
DA:68,0
DA:73,1
LF:24
LH:6
end_of_record
SF:lib/src/rust/frb_generated.io.dart
DA:25,1
DA:702,1
DA:703,2
DA:710,1
DA:711,1
LF:5
LH:5
end_of_record
