SF:lib/src/haudiotagger.dart
DA:45,1
DA:48,6
DA:54,2
DA:58,1
DA:59,1
DA:62,1
DA:63,1
DA:65,1
DA:74,1
DA:75,1
DA:78,1
DA:79,1
DA:81,1
DA:95,1
DA:96,1
DA:97,1
DA:106,1
DA:107,1
DA:108,1
DA:112,1
DA:113,1
DA:114,1
DA:118,1
DA:119,1
DA:120,1
DA:125,1
DA:126,1
DA:127,1
DA:132,1
DA:133,1
DA:134,1
DA:141,1
DA:142,1
DA:143,1
DA:148,1
DA:149,1
DA:150,1
DA:155,1
DA:156,1
DA:157,1
DA:162,1
DA:164,1
DA:165,1
DA:170,1
DA:171,1
DA:172,1
DA:177,1
DA:179,1
DA:180,1
DA:185,1
DA:186,1
DA:187,1
DA:192,1
DA:194,1
DA:195,1
DA:199,1
DA:200,1
DA:201,1
DA:206,1
DA:207,1
DA:208,1
DA:215,1
DA:219,1
DA:220,1
DA:227,1
DA:231,1
DA:232,1
DA:242,1
DA:247,1
DA:248,1
DA:252,1
DA:254,2
DA:256,1
DA:257,1
DA:258,1
DA:259,1
DA:260,1
DA:261,1
DA:262,2
DA:264,1
DA:265,2
DA:267,1
DA:268,2
DA:274,1
DA:285,1
DA:289,1
DA:290,1
DA:297,1
DA:301,1
DA:302,1
DA:315,1
DA:320,1
DA:321,1
DA:323,1
DA:325,1
DA:327,3
DA:329,2
DA:330,1
DA:332,2
DA:333,1
DA:334,1
DA:335,1
DA:336,2
DA:338,1
DA:339,2
DA:341,1
DA:342,2
DA:348,1
DA:357,1
DA:358,1
DA:359,1
DA:364,1
DA:365,1
DA:366,1
DA:374,1
DA:375,1
DA:376,1
DA:381,1
DA:383,1
DA:384,1
DA:391,1
DA:393,1
DA:394,1
DA:399,1
DA:404,1
DA:405,1
DA:411,1
DA:412,1
DA:413,1
DA:418,1
DA:420,1
DA:421,1
DA:427,1
DA:428,1
DA:429,1
DA:435,1
DA:436,1
DA:437,1
DA:447,1
DA:448,1
DA:449,1
DA:460,1
DA:462,1
DA:463,1
DA:468,1
DA:469,1
DA:470,1
DA:475,1
DA:476,1
DA:477,1
DA:482,1
DA:483,1
DA:484,1
DA:489,1
DA:490,1
DA:491,1
DA:496,1
DA:497,1
DA:498,1
DA:503,1
DA:504,1
DA:505,1
DA:509,1
DA:510,1
DA:511,1
DA:517,1
DA:518,1
DA:519,1
DA:524,1
DA:525,1
DA:526,1
DA:530,1
DA:531,1
DA:532,1
DA:533,1
DA:544,1
DA:551,1
DA:552,1
DA:565,1
DA:572,1
DA:573,1
DA:585,1
DA:586,1
DA:588,1
DA:589,1
DA:591,2
DA:597,2
DA:603,2
DA:611,3
DA:612,3
DA:613,3
DA:614,3
DA:615,3
DA:616,3
DA:617,3
DA:618,3
DA:619,3
DA:620,3
DA:621,3
DA:622,3
DA:623,3
DA:625,1
DA:637,1
DA:642,1
DA:644,1
DA:645,1
DA:646,1
DA:647,2
DA:648,1
DA:649,2
DA:653,1
DA:654,3
DA:655,3
DA:656,3
DA:657,3
DA:658,3
DA:659,3
DA:660,3
DA:661,3
DA:662,3
DA:663,3
DA:664,3
DA:665,3
DA:666,3
DA:667,2
DA:668,3
DA:686,1
DA:687,1
DA:688,1
DA:689,1
DA:690,1
DA:691,1
DA:692,1
DA:693,3
DA:695,2
DA:696,2
DA:697,2
DA:698,2
DA:699,1
DA:703,2
DA:704,3
DA:707,3
DA:708,2
DA:725,1
DA:726,1
DA:727,1
DA:733,1
DA:734,1
DA:735,1
DA:741,1
DA:742,1
DA:743,1
DA:748,1
DA:749,1
DA:750,1
DA:756,1
DA:758,1
DA:759,1
DA:765,1
DA:766,1
DA:767,1
DA:771,1
DA:772,1
DA:773,1
DA:777,1
DA:778,1
DA:779,1
DA:783,1
DA:785,1
DA:786,1
DA:790,1
DA:792,1
DA:793,1
DA:797,1
DA:799,1
DA:800,1
DA:804,1
DA:805,1
DA:806,1
DA:810,1
DA:811,1
DA:812,1
DA:826,1
DA:833,1
DA:834,5
DA:841,1
DA:844,3
DA:847,3
DA:850,3
DA:852,1
DA:853,2
DA:855,6
DA:876,1
DA:877,1
DA:879,2
DA:883,1
DA:884,1
LF:297
LH:297
end_of_record
SF:lib/src/rust/frb_generated.dart
DA:28,3
DA:30,1
DA:33,1
DA:39,2
DA:49,0
DA:52,0
DA:61,0
DA:63,1
DA:67,1
DA:71,1
DA:74,1
DA:78,1
DA:81,1
DA:341,1
DA:348,0
DA:351,0
DA:352,0
DA:353,0
DA:354,0
DA:355,0
DA:356,0
DA:359,0
DA:360,0
DA:363,0
DA:364,0
DA:369,0
DA:374,0
DA:377,0
DA:378,0
DA:379,0
DA:380,0
DA:381,0
DA:382,0
DA:385,0
DA:386,0
DA:389,0
DA:390,0
DA:395,0
DA:401,0
DA:404,0
DA:405,0
DA:406,0
DA:407,0
DA:408,0
DA:409,0
DA:412,0
DA:413,0
DA:416,0
DA:417,0
DA:422,0
DA:427,0
DA:430,0
DA:431,0
DA:432,0
DA:433,0
DA:434,0
DA:435,0
DA:438,0
DA:439,0
DA:442,0
DA:443,0
DA:448,0
DA:453,1
DA:456,3
DA:457,1
DA:458,2
DA:459,1
DA:460,1
DA:461,2
DA:464,1
DA:465,1
DA:468,1
DA:469,1
DA:474,1
DA:480,1
DA:483,3
DA:484,1
DA:485,2
DA:486,1
DA:487,1
DA:488,2
DA:491,1
DA:492,1
DA:495,1
DA:496,1
DA:501,1
DA:507,1
DA:510,3
DA:511,1
DA:512,2
DA:513,1
DA:514,1
DA:515,2
DA:518,1
DA:519,1
DA:522,1
DA:523,1
DA:528,1
DA:533,1
DA:536,3
DA:537,1
DA:538,2
DA:539,1
DA:540,1
DA:541,2
DA:544,1
DA:545,1
DA:548,1
DA:549,1
DA:554,1
DA:560,1
DA:562,3
DA:563,1
DA:564,2
DA:565,1
DA:566,2
DA:569,1
DA:570,1
DA:571,1
DA:573,1
DA:574,1
DA:579,1
DA:584,1
DA:586,3
DA:587,1
DA:588,2
DA:589,1
DA:590,2
DA:593,1
DA:594,1
DA:595,1
DA:597,1
DA:598,1
DA:603,1
DA:608,1
DA:611,3
DA:612,1
DA:613,2
DA:614,1
DA:615,1
DA:616,2
DA:619,1
DA:620,1
DA:621,1
DA:623,1
DA:624,1
DA:629,1
DA:634,1
DA:637,3
DA:638,1
DA:639,2
DA:640,1
DA:641,1
DA:642,2
DA:645,1
DA:646,1
DA:647,1
DA:649,1
DA:650,1
DA:655,1
DA:661,1
DA:668,3
DA:669,1
DA:670,2
DA:671,1
DA:672,1
DA:673,1
DA:674,1
DA:675,1
DA:676,2
DA:679,1
DA:680,1
DA:681,1
DA:683,1
DA:684,1
DA:695,1
DA:706,1
DA:713,3
DA:714,1
DA:715,2
DA:716,1
DA:717,1
DA:718,1
DA:719,1
DA:720,1
DA:721,2
DA:724,1
DA:725,1
DA:726,1
DA:728,1
DA:729,1
DA:740,1
DA:752,0
DA:754,0
DA:755,0
DA:756,0
DA:757,0
DA:760,0
DA:761,0
DA:764,0
DA:765,0
DA:770,0
DA:776,0
DA:779,0
DA:780,0
DA:781,0
DA:782,0
DA:783,0
DA:786,0
DA:787,0
DA:790,0
DA:791,0
DA:796,0
DA:802,0
DA:804,0
DA:805,0
DA:806,0
DA:807,0
DA:810,0
DA:811,0
DA:814,0
DA:815,0
DA:820,0
DA:826,0
DA:828,0
DA:829,0
DA:830,0
DA:831,0
DA:832,0
DA:835,0
DA:836,0
DA:839,0
DA:840,0
DA:845,0
DA:851,0
DA:854,0
DA:855,0
DA:856,0
DA:857,0
DA:858,0
DA:859,0
DA:862,0
DA:863,0
DA:866,0
DA:867,0
DA:872,0
DA:877,1
DA:879,3
DA:880,1
DA:881,2
DA:882,1
DA:883,2
DA:886,1
DA:887,1
DA:888,1
DA:890,1
DA:891,1
DA:896,1
DA:902,1
DA:904,3
DA:905,1
DA:906,2
DA:907,1
DA:908,2
DA:911,1
DA:912,1
DA:913,1
DA:915,1
DA:916,1
DA:921,1
DA:926,1
DA:929,3
DA:930,1
DA:931,2
DA:932,1
DA:933,2
DA:936,1
DA:937,1
DA:938,1
DA:940,1
DA:941,1
DA:946,1
DA:952,1
DA:954,3
DA:955,1
DA:956,2
DA:957,1
DA:958,2
DA:961,1
DA:962,1
DA:963,1
DA:965,1
DA:966,1
DA:971,1
DA:976,1
DA:979,3
DA:980,1
DA:981,2
DA:982,1
DA:983,2
DA:986,1
DA:987,1
DA:988,1
DA:990,1
DA:991,1
DA:996,1
DA:1002,1
DA:1004,3
DA:1005,1
DA:1006,2
DA:1007,1
DA:1008,2
DA:1011,1
DA:1012,1
DA:1013,1
DA:1015,1
DA:1016,1
DA:1021,1
DA:1026,1
DA:1029,3
DA:1030,1
DA:1031,2
DA:1032,1
DA:1033,2
DA:1036,1
DA:1037,1
DA:1038,1
DA:1040,1
DA:1041,1
DA:1046,1
DA:1052,1
DA:1054,3
DA:1055,1
DA:1056,2
DA:1057,1
DA:1058,2
DA:1061,1
DA:1062,1
DA:1063,1
DA:1065,1
DA:1066,1
DA:1071,1
DA:1076,1
DA:1079,3
DA:1080,1
DA:1081,2
DA:1082,1
DA:1083,2
DA:1086,1
DA:1087,1
DA:1088,1
DA:1090,1
DA:1091,1
DA:1096,1
DA:1102,1
DA:1104,3
DA:1105,1
DA:1106,2
DA:1107,1
DA:1108,2
DA:1111,1
DA:1112,1
DA:1113,1
DA:1115,1
DA:1116,1
DA:1121,1
DA:1126,0
DA:1129,0
DA:1130,0
DA:1131,0
DA:1132,0
DA:1133,0
DA:1134,0
DA:1137,0
DA:1138,0
DA:1141,0
DA:1142,0
DA:1147,0
DA:1153,1
DA:1155,3
DA:1156,1
DA:1157,2
DA:1158,1
DA:1159,2
DA:1162,1
DA:1163,1
DA:1164,1
DA:1166,1
DA:1167,1
DA:1172,1
DA:1177,1
DA:1179,3
DA:1180,1
DA:1181,2
DA:1182,2
DA:1185,1
DA:1186,1
DA:1189,1
DA:1190,1
DA:1195,1
DA:1201,1
DA:1204,3
DA:1205,1
DA:1206,2
DA:1207,1
DA:1208,1
DA:1209,2
DA:1212,1
DA:1213,1
DA:1216,1
DA:1217,1
DA:1222,1
DA:1227,0
DA:1232,0
DA:1233,0
DA:1234,0
DA:1235,0
DA:1236,0
DA:1237,0
DA:1238,0
DA:1241,0
DA:1242,0
DA:1245,0
DA:1246,0
DA:1251,0
DA:1256,0
DA:1259,0
DA:1260,0
DA:1261,0
DA:1262,0
DA:1263,0
DA:1264,0
DA:1267,0
DA:1268,0
DA:1271,0
DA:1272,0
DA:1277,0
DA:1282,0
DA:1286,0
DA:1287,0
DA:1288,0
DA:1289,0
DA:1290,0
DA:1291,0
DA:1294,0
DA:1295,0
DA:1298,0
DA:1299,0
DA:1304,0
DA:1310,0
DA:1313,0
DA:1314,0
DA:1315,0
DA:1316,0
DA:1317,0
DA:1318,0
DA:1321,0
DA:1322,0
DA:1323,0
DA:1325,0
DA:1326,0
DA:1331,0
DA:1336,0
DA:1339,0
DA:1340,0
DA:1341,0
DA:1342,0
DA:1343,0
DA:1344,0
DA:1347,0
DA:1348,0
DA:1349,0
DA:1351,0
DA:1352,0
DA:1357,0
DA:1362,1
DA:1364,3
DA:1365,1
DA:1366,2
DA:1367,1
DA:1368,2
DA:1371,1
DA:1372,1
DA:1373,1
DA:1375,1
DA:1376,1
DA:1381,1
DA:1386,1
DA:1389,3
DA:1390,1
DA:1391,2
DA:1392,1
DA:1393,2
DA:1396,1
DA:1397,1
DA:1398,1
DA:1400,1
DA:1401,1
DA:1406,1
DA:1412,0
DA:1415,0
DA:1416,0
DA:1417,0
DA:1418,0
DA:1419,0
DA:1422,0
DA:1423,0
DA:1424,0
DA:1426,0
DA:1427,0
DA:1432,0
DA:1438,1
DA:1440,3
DA:1441,1
DA:1442,2
DA:1443,1
DA:1444,2
DA:1447,1
DA:1448,1
DA:1449,1
DA:1451,1
DA:1452,1
DA:1457,1
DA:1463,1
DA:1466,3
DA:1467,1
DA:1468,2
DA:1469,1
DA:1470,2
DA:1473,1
DA:1474,1
DA:1475,1
DA:1477,1
DA:1478,1
DA:1483,1
DA:1489,1
DA:1492,3
DA:1493,1
DA:1494,2
DA:1495,1
DA:1496,1
DA:1497,2
DA:1500,1
DA:1501,1
DA:1502,1
DA:1504,1
DA:1505,1
DA:1510,1
DA:1515,1
DA:1518,3
DA:1519,1
DA:1520,2
DA:1521,1
DA:1522,1
DA:1523,2
DA:1526,1
DA:1527,1
DA:1528,1
DA:1530,1
DA:1531,1
DA:1536,1
DA:1542,1
DA:1544,3
DA:1545,1
DA:1546,2
DA:1547,1
DA:1548,2
DA:1551,1
DA:1552,1
DA:1553,1
DA:1555,1
DA:1556,1
DA:1561,1
DA:1566,1
DA:1569,3
DA:1570,1
DA:1571,2
DA:1572,1
DA:1573,1
DA:1574,2
DA:1577,1
DA:1578,1
DA:1579,1
DA:1581,1
DA:1582,1
DA:1587,1
DA:1593,1
DA:1596,3
DA:1597,1
DA:1598,2
DA:1599,1
DA:1600,1
DA:1601,2
DA:1604,1
DA:1605,1
DA:1606,1
DA:1608,1
DA:1609,1
DA:1614,1
DA:1620,1
DA:1622,3
DA:1623,1
DA:1624,2
DA:1625,1
DA:1626,2
DA:1629,1
DA:1630,1
DA:1631,1
DA:1633,1
DA:1634,1
DA:1639,1
DA:1644,1
DA:1647,3
DA:1648,1
DA:1649,2
DA:1650,1
DA:1651,2
DA:1654,1
DA:1655,1
DA:1656,1
DA:1658,1
DA:1659,1
DA:1664,1
DA:1670,1
DA:1673,3
DA:1674,1
DA:1675,2
DA:1676,1
DA:1677,2
DA:1680,1
DA:1681,1
DA:1682,1
DA:1684,1
DA:1685,1
DA:1690,1
DA:1696,1
DA:1699,3
DA:1700,1
DA:1701,2
DA:1702,1
DA:1703,2
DA:1706,1
DA:1707,1
DA:1708,1
DA:1710,1
DA:1711,1
DA:1716,1
DA:1722,1
DA:1725,3
DA:1726,1
DA:1727,2
DA:1728,1
DA:1729,1
DA:1730,2
DA:1733,1
DA:1734,1
DA:1735,1
DA:1737,1
DA:1738,1
DA:1743,1
DA:1748,1
DA:1751,3
DA:1752,1
DA:1753,2
DA:1754,1
DA:1755,1
DA:1756,2
DA:1759,1
DA:1760,1
DA:1761,1
DA:1763,1
DA:1764,1
DA:1769,1
DA:1774,1
DA:1777,3
DA:1778,1
DA:1779,2
DA:1780,1
DA:1781,1
DA:1782,2
DA:1785,1
DA:1786,1
DA:1787,1
DA:1789,1
DA:1790,1
DA:1795,1
DA:1801,1
DA:1803,3
DA:1804,1
DA:1805,2
DA:1806,1
DA:1807,2
DA:1810,1
DA:1811,1
DA:1812,1
DA:1814,1
DA:1815,1
DA:1820,1
DA:1826,1
DA:1829,3
DA:1830,1
DA:1831,2
DA:1832,1
DA:1833,2
DA:1836,1
DA:1837,1
DA:1838,1
DA:1840,1
DA:1841,1
DA:1846,1
DA:1852,1
DA:1855,3
DA:1856,1
DA:1857,2
DA:1858,1
DA:1859,1
DA:1860,2
DA:1863,1
DA:1864,1
DA:1865,1
DA:1867,1
DA:1868,1
DA:1873,1
DA:1878,1
DA:1880,3
DA:1881,1
DA:1882,2
DA:1883,1
DA:1884,2
DA:1887,1
DA:1888,1
DA:1889,1
DA:1891,1
DA:1892,1
DA:1897,1
DA:1902,1
DA:1905,3
DA:1906,1
DA:1907,2
DA:1908,1
DA:1909,2
DA:1912,1
DA:1913,1
DA:1914,1
DA:1916,1
DA:1917,1
DA:1922,1
DA:1928,1
DA:1931,3
DA:1932,1
DA:1933,2
DA:1934,1
DA:1935,1
DA:1936,2
DA:1939,1
DA:1940,1
DA:1941,1
DA:1943,1
DA:1944,1
DA:1949,1
DA:1954,1
DA:1957,3
DA:1958,1
DA:1959,2
DA:1960,1
DA:1961,1
DA:1962,2
DA:1965,1
DA:1966,1
DA:1967,1
DA:1969,1
DA:1970,1
DA:1975,1
DA:1981,1
DA:1984,3
DA:1985,1
DA:1986,2
DA:1987,1
DA:1988,1
DA:1989,1
DA:1990,2
DA:1993,1
DA:1994,1
DA:1995,1
DA:1997,1
DA:1998,1
DA:2003,1
DA:2008,1
DA:2011,3
DA:2012,1
DA:2013,2
DA:2014,1
DA:2015,1
DA:2016,1
DA:2017,2
DA:2020,1
DA:2021,1
DA:2022,1
DA:2024,1
DA:2025,1
DA:2030,1
DA:2036,0
DA:2038,0
DA:2039,0
DA:2040,0
DA:2041,0
DA:2044,0
DA:2045,0
DA:2048,0
DA:2049,0
DA:2054,0
DA:2060,0
DA:2062,0
DA:2063,0
DA:2064,0
DA:2065,0
DA:2066,0
DA:2069,0
DA:2070,0
DA:2073,0
DA:2074,0
DA:2079,0
DA:2085,0
DA:2087,0
DA:2088,0
DA:2089,0
DA:2090,0
DA:2093,0
DA:2094,0
DA:2097,0
DA:2098,0
DA:2103,0
DA:2108,0
DA:2110,0
DA:2111,0
DA:2112,0
DA:2113,0
DA:2114,0
DA:2117,0
DA:2118,0
DA:2121,0
DA:2122,0
DA:2127,0
DA:2132,1
DA:2135,3
DA:2136,1
DA:2137,2
DA:2138,1
DA:2139,1
DA:2140,2
DA:2143,1
DA:2144,1
DA:2147,1
DA:2148,1
DA:2153,1
DA:2159,0
DA:2161,0
DA:2162,0
DA:2163,0
DA:2164,0
DA:2167,0
DA:2168,0
DA:2171,0
DA:2172,0
DA:2177,0
DA:2183,1
DA:2186,3
DA:2187,1
DA:2188,2
DA:2189,1
DA:2190,2
DA:2193,1
DA:2194,1
DA:2197,1
DA:2198,1
DA:2203,1
DA:2209,0
DA:2211,0
DA:2212,0
DA:2213,0
DA:2214,0
DA:2215,0
DA:2218,0
DA:2219,0
DA:2222,0
DA:2223,0
DA:2228,0
DA:2234,0
DA:2236,0
DA:2237,0
DA:2238,0
DA:2239,0
DA:2240,0
DA:2243,0
DA:2244,0
DA:2247,0
DA:2248,0
DA:2253,0
DA:2259,0
DA:2261,0
DA:2262,0
DA:2263,0
DA:2264,0
DA:2267,0
DA:2268,0
DA:2271,0
DA:2272,0
DA:2277,0
DA:2283,1
DA:2286,3
DA:2287,1
DA:2288,2
DA:2289,1
DA:2290,1
DA:2291,2
DA:2294,1
DA:2295,1
DA:2296,1
DA:2298,1
DA:2299,1
DA:2304,1
DA:2309,1
DA:2312,3
DA:2313,1
DA:2314,2
DA:2315,1
DA:2316,1
DA:2317,2
DA:2320,1
DA:2321,1
DA:2322,1
DA:2324,1
DA:2325,1
DA:2330,1
DA:2336,1
DA:2339,3
DA:2340,1
DA:2341,2
DA:2342,1
DA:2343,1
DA:2344,2
DA:2347,1
DA:2348,1
DA:2349,1
DA:2351,1
DA:2352,1
DA:2357,1
DA:2363,1
DA:2366,3
DA:2367,1
DA:2368,2
DA:2369,1
DA:2370,1
DA:2371,2
DA:2374,1
DA:2375,1
DA:2376,1
DA:2378,1
DA:2379,1
DA:2384,1
DA:2390,1
DA:2392,3
DA:2393,1
DA:2394,2
DA:2395,1
DA:2396,2
DA:2399,1
DA:2400,1
DA:2401,1
DA:2403,1
DA:2404,1
DA:2409,1
DA:2414,0
DA:2416,0
DA:2417,0
DA:2418,0
DA:2419,0
DA:2420,0
DA:2423,0
DA:2424,0
DA:2427,0
DA:2428,0
DA:2433,0
DA:2438,1
DA:2441,3
DA:2442,1
DA:2443,2
DA:2444,1
DA:2445,2
DA:2448,1
DA:2449,1
DA:2450,1
DA:2452,1
DA:2453,1
DA:2458,1
DA:2464,1
DA:2466,3
DA:2467,1
DA:2468,2
DA:2469,1
DA:2470,2
DA:2473,1
DA:2474,1
DA:2477,1
DA:2478,1
DA:2483,1
DA:2488,1
DA:2491,3
DA:2492,1
DA:2493,2
DA:2494,1
DA:2495,2
DA:2498,1
DA:2499,1
DA:2502,1
DA:2503,1
DA:2508,1
DA:2514,1
DA:2516,3
DA:2517,1
DA:2518,2
DA:2519,1
DA:2520,1
DA:2521,2
DA:2524,1
DA:2525,1
DA:2526,1
DA:2528,1
DA:2529,1
DA:2534,1
DA:2539,1
DA:2542,3
DA:2543,1
DA:2544,2
DA:2545,1
DA:2546,1
DA:2547,2
DA:2550,1
DA:2551,1
DA:2552,1
DA:2554,1
DA:2555,1
DA:2560,1
DA:2566,0
DA:2569,0
DA:2570,0
DA:2571,0
DA:2572,0
DA:2573,0
DA:2574,0
DA:2577,0
DA:2578,0
DA:2579,0
DA:2581,0
DA:2582,0
DA:2587,0
DA:2593,1
DA:2596,3
DA:2597,1
DA:2598,2
DA:2599,1
DA:2600,1
DA:2601,2
DA:2604,1
DA:2605,1
DA:2606,1
DA:2608,1
DA:2609,1
DA:2614,1
DA:2620,1
DA:2623,3
DA:2624,1
DA:2625,2
DA:2626,1
DA:2627,1
DA:2628,2
DA:2631,1
DA:2632,1
DA:2633,1
DA:2635,1
DA:2636,1
DA:2641,1
DA:2647,1
DA:2650,3
DA:2651,1
DA:2652,2
DA:2653,1
DA:2654,1
DA:2655,2
DA:2658,1
DA:2659,1
DA:2660,1
DA:2662,1
DA:2663,1
DA:2668,1
DA:2673,0
DA:2676,0
DA:2677,0
DA:2680,0
DA:2686,0
DA:2690,0
DA:2691,0
DA:2692,0
DA:2693,0
DA:2694,0
DA:2695,0
DA:2696,0
DA:2697,0
DA:2698,0
DA:2702,0
DA:2706,0
DA:2707,0
DA:2708,0
DA:2709,0
DA:2710,0
DA:2711,0
DA:2712,0
DA:2713,0
DA:2714,0
DA:2715,0
DA:2716,0
DA:2717,0
DA:2718,0
DA:2722,0
DA:2726,0
DA:2727,0
DA:2728,0
DA:2729,0
DA:2730,0
DA:2731,0
DA:2735,0
DA:2739,0
DA:2740,0
DA:2741,0
DA:2742,0
DA:2743,0
DA:2744,0
DA:2748,0
DA:2751,0
DA:2754,0
DA:2760,0
DA:2763,0
DA:2766,0
DA:2769,0
DA:2772,0
DA:2778,0
DA:2781,0
DA:2784,0
DA:2787,0
DA:2790,0
DA:2793,0
DA:2796,0
DA:2799,0
DA:2802,0
DA:2805,0
DA:2808,0
DA:2811,0
DA:2814,0
DA:2817,0
DA:2820,0
DA:2823,0
DA:2826,0
DA:2829,0
DA:2832,0
DA:2838,0
DA:2841,0
DA:2844,0
DA:2847,0
DA:2850,0
DA:2854,0
DA:2855,0
DA:2856,0
DA:2857,0
DA:2858,0
DA:2859,0
DA:2863,0
DA:2867,0
DA:2868,0
DA:2869,0
DA:2870,0
DA:2871,0
DA:2872,0
DA:2873,0
DA:2874,0
DA:2875,0
DA:2876,0
DA:2877,0
DA:2878,0
DA:2879,0
DA:2880,0
DA:2881,0
DA:2882,0
DA:2883,0
DA:2884,0
DA:2885,0
DA:2886,0
DA:2887,0
DA:2888,0
DA:2889,0
DA:2890,0
DA:2891,0
DA:2892,0
DA:2893,0
DA:2894,0
DA:2895,0
DA:2896,0
DA:2897,0
DA:2898,0
DA:2899,0
DA:2900,0
DA:2901,0
DA:2902,0
DA:2903,0
DA:2904,0
DA:2905,0
DA:2906,0
DA:2907,0
DA:2908,0
DA:2909,0
DA:2910,0
DA:2911,0
DA:2912,0
DA:2913,0
DA:2914,0
DA:2915,0
DA:2916,0
DA:2917,0
DA:2918,0
DA:2919,0
DA:2920,0
DA:2921,0
DA:2922,0
DA:2923,0
DA:2924,0
DA:2925,0
DA:2926,0
DA:2927,0
DA:2928,0
DA:2929,0
DA:2930,0
DA:2931,0
DA:2935,0
DA:2939,0
DA:2940,0
DA:2941,0
DA:2942,0
DA:2943,0
DA:2944,0
DA:2945,0
DA:2946,0
DA:2947,0
DA:2948,0
DA:2949,0
DA:2950,0
DA:2951,0
DA:2952,0
DA:2953,0
DA:2954,0
DA:2955,0
DA:2956,0
DA:2957,0
DA:2958,0
DA:2959,0
DA:2960,0
DA:2961,0
DA:2962,0
DA:2963,0
DA:2964,0
DA:2965,0
DA:2966,0
DA:2967,0
DA:2968,0
DA:2969,0
DA:2970,0
DA:2971,0
DA:2972,0
DA:2973,0
DA:2974,0
DA:2975,0
DA:2976,0
DA:2977,0
DA:2978,0
DA:2979,0
DA:2980,0
DA:2981,0
DA:2982,0
DA:2983,0
DA:2984,0
DA:2985,0
DA:2986,0
DA:2987,0
DA:2988,0
DA:2989,0
DA:2990,0
DA:2991,0
DA:2992,0
DA:2993,0
DA:2994,0
DA:2995,0
DA:2996,0
DA:2997,0
DA:2998,0
DA:2999,0
DA:3000,0
DA:3001,0
DA:3002,0
DA:3003,0
DA:3007,0
DA:3013,0
DA:3016,0
DA:3017,0
DA:3018,0
DA:3019,0
DA:3020,0
DA:3021,0
DA:3022,0
DA:3023,0
DA:3025,0
DA:3026,0
DA:3027,0
DA:3029,0
DA:3030,0
DA:3031,0
DA:3034,0
DA:3038,0
DA:3044,0
DA:3047,0
DA:3050,0
DA:3053,0
DA:3056,0
DA:3059,0
DA:3062,0
DA:3065,0
DA:3068,0
DA:3071,0
DA:3074,0
DA:3077,0
DA:3080,0
DA:3086,0
DA:3092,0
DA:3095,0
DA:3098,0
DA:3101,0
DA:3104,0
DA:3107,0
DA:3110,0
DA:3113,0
DA:3116,0
DA:3119,0
DA:3122,0
DA:3125,0
DA:3128,0
DA:3132,0
DA:3133,0
DA:3134,0
DA:3135,0
DA:3136,0
DA:3137,0
DA:3138,0
DA:3142,0
DA:3145,0
DA:3148,0
DA:3151,0
DA:3154,0
DA:3157,0
DA:3160,0
DA:3163,0
DA:3166,0
DA:3169,0
DA:3172,0
DA:3175,0
DA:3178,0
DA:3181,0
DA:3184,0
DA:3187,0
DA:3190,0
DA:3193,0
DA:3196,0
DA:3199,0
DA:3202,0
DA:3206,0
DA:3207,0
DA:3208,0
DA:3209,0
DA:3210,0
DA:3211,0
DA:3215,0
DA:3218,0
DA:3221,0
DA:3225,0
DA:3226,0
DA:3229,0
DA:3230,0
DA:3234,0
DA:3238,0
DA:3239,0
DA:3242,0
DA:3243,0
DA:3247,0
DA:3251,0
DA:3252,0
DA:3253,0
DA:3254,0
DA:3255,0
DA:3256,0
DA:3257,0
DA:3258,0
DA:3259,0
DA:3260,0
DA:3261,0
DA:3262,0
DA:3263,0
DA:3264,0
DA:3265,0
DA:3266,0
DA:3267,0
DA:3268,0
DA:3269,0
DA:3270,0
DA:3271,0
DA:3272,0
DA:3276,0
DA:3280,0
DA:3281,0
DA:3282,0
DA:3283,0
DA:3284,0
DA:3285,0
DA:3286,0
DA:3287,0
DA:3288,0
DA:3289,0
DA:3290,0
DA:3291,0
DA:3292,0
DA:3293,0
DA:3294,0
DA:3295,0
DA:3296,0
DA:3297,0
DA:3298,0
DA:3299,0
DA:3300,0
DA:3304,0
DA:3307,0
DA:3310,0
DA:3314,0
DA:3315,0
DA:3316,0
DA:3317,0
DA:3321,0
DA:3324,0
DA:3325,0
DA:3326,0
DA:3327,0
DA:3328,0
DA:3329,0
DA:3330,0
DA:3331,0
DA:3332,0
DA:3333,0
DA:3335,0
DA:3336,0
DA:3337,0
DA:3339,0
DA:3340,0
DA:3341,0
DA:3343,0
DA:3344,0
DA:3345,0
DA:3347,0
DA:3348,0
DA:3349,0
DA:3351,0
DA:3352,0
DA:3353,0
DA:3355,0
DA:3356,0
DA:3357,0
DA:3359,0
DA:3360,0
DA:3361,0
DA:3363,0
DA:3364,0
DA:3365,0
DA:3367,0
DA:3368,0
DA:3369,0
DA:3371,0
DA:3372,0
DA:3373,0
DA:3375,0
DA:3376,0
DA:3377,0
DA:3379,0
DA:3380,0
DA:3381,0
DA:3382,0
DA:3383,0
DA:3384,0
DA:3385,0
DA:3386,0
DA:3387,0
DA:3388,0
DA:3389,0
DA:3390,0
DA:3391,0
DA:3392,0
DA:3393,0
DA:3394,0
DA:3395,0
DA:3396,0
DA:3397,0
DA:3398,0
DA:3399,0
DA:3400,0
DA:3401,0
DA:3402,0
DA:3403,0
DA:3404,0
DA:3405,0
DA:3406,0
DA:3407,0
DA:3408,0
DA:3409,0
DA:3410,0
DA:3411,0
DA:3412,0
DA:3413,0
DA:3414,0
DA:3415,0
DA:3416,0
DA:3417,0
DA:3418,0
DA:3419,0
DA:3421,0
DA:3422,0
DA:3423,0
DA:3425,0
DA:3426,0
DA:3427,0
DA:3429,0
DA:3430,0
DA:3431,0
DA:3433,0
DA:3434,0
DA:3435,0
DA:3437,0
DA:3438,0
DA:3439,0
DA:3441,0
DA:3442,0
DA:3443,0
DA:3444,0
DA:3445,0
DA:3446,0
DA:3447,0
DA:3448,0
DA:3449,0
DA:3450,0
DA:3451,0
DA:3452,0
DA:3453,0
DA:3454,0
DA:3456,0
DA:3457,0
DA:3458,0
DA:3459,0
DA:3461,0
DA:3462,0
DA:3463,0
DA:3464,0
DA:3466,0
DA:3467,0
DA:3468,0
DA:3469,0
DA:3471,0
DA:3472,0
DA:3473,0
DA:3475,0
DA:3476,0
DA:3477,0
DA:3479,0
DA:3480,0
DA:3481,0
DA:3483,0
DA:3484,0
DA:3485,0
DA:3487,0
DA:3488,0
DA:3489,0
DA:3491,0
DA:3492,0
DA:3493,0
DA:3494,0
DA:3496,0
DA:3500,0
DA:3506,0
DA:3509,0
DA:3512,0
DA:3518,0
DA:3524,0
DA:3527,0
DA:3530,0
DA:3534,0
DA:3535,0
DA:3536,0
DA:3537,0
DA:3538,0
DA:3539,0
DA:3543,0
DA:3547,0
DA:3548,0
DA:3549,0
DA:3550,0
DA:3554,0
DA:3557,0
DA:3560,1
DA:3564,1
DA:3565,4
DA:3568,1
DA:3571,1
DA:3572,2
DA:3575,1
DA:3578,1
DA:3579,1
DA:3580,1
DA:3581,1
DA:3582,1
DA:3583,1
DA:3584,1
DA:3593,1
DA:3596,1
DA:3597,1
DA:3598,1
DA:3599,1
DA:3600,1
DA:3601,1
DA:3602,1
DA:3603,1
DA:3604,1
DA:3605,1
DA:3606,1
DA:3619,1
DA:3622,1
DA:3623,1
DA:3624,1
DA:3625,1
DA:3629,1
DA:3632,1
DA:3633,1
DA:3634,1
DA:3635,1
DA:3639,1
DA:3642,1
DA:3643,1
DA:3646,1
DA:3649,3
DA:3652,0
DA:3656,0
DA:3659,0
DA:3663,0
DA:3666,1
DA:3669,1
DA:3672,1
DA:3675,1
DA:3678,1
DA:3682,1
DA:3685,0
DA:3688,0
DA:3691,0
DA:3695,0
DA:3698,0
DA:3701,0
DA:3704,1
DA:3707,1
DA:3710,0
DA:3713,0
DA:3716,0
DA:3720,0
DA:3723,0
DA:3727,0
DA:3730,1
DA:3733,1
DA:3736,1
DA:3739,1
DA:3742,0
DA:3746,0
DA:3749,1
DA:3752,1
DA:3753,1
DA:3754,1
DA:3755,1
DA:3758,0
DA:3761,0
DA:3762,0
DA:3763,0
DA:3764,0
DA:3765,0
DA:3766,0
DA:3767,0
DA:3768,0
DA:3769,0
DA:3770,0
DA:3771,0
DA:3772,0
DA:3773,0
DA:3774,0
DA:3775,0
DA:3776,0
DA:3777,0
DA:3778,0
DA:3779,0
DA:3780,0
DA:3781,0
DA:3782,0
DA:3783,0
DA:3784,0
DA:3785,0
DA:3786,0
DA:3787,0
DA:3788,0
DA:3789,0
DA:3790,0
DA:3791,0
DA:3792,0
DA:3793,0
DA:3794,0
DA:3795,0
DA:3796,0
DA:3797,0
DA:3798,0
DA:3799,0
DA:3800,0
DA:3801,0
DA:3802,0
DA:3803,0
DA:3804,0
DA:3805,0
DA:3806,0
DA:3807,0
DA:3808,0
DA:3809,0
DA:3810,0
DA:3811,0
DA:3812,0
DA:3813,0
DA:3814,0
DA:3815,0
DA:3816,0
DA:3817,0
DA:3818,0
DA:3819,0
DA:3820,0
DA:3821,0
DA:3822,0
DA:3823,0
DA:3888,1
DA:3891,1
DA:3892,1
DA:3893,1
DA:3894,1
DA:3895,1
DA:3896,1
DA:3897,1
DA:3898,1
DA:3899,1
DA:3900,1
DA:3901,1
DA:3902,1
DA:3903,1
DA:3904,1
DA:3905,1
DA:3906,1
DA:3907,1
DA:3908,1
DA:3909,1
DA:3910,1
DA:3911,1
DA:3912,1
DA:3913,1
DA:3914,1
DA:3915,1
DA:3916,1
DA:3917,1
DA:3918,1
DA:3919,1
DA:3920,1
DA:3921,1
DA:3922,1
DA:3923,1
DA:3924,1
DA:3925,1
DA:3926,1
DA:3927,1
DA:3928,1
DA:3929,1
DA:3930,1
DA:3931,1
DA:3932,1
DA:3933,1
DA:3934,1
DA:3935,1
DA:3936,1
DA:3937,1
DA:3938,1
DA:3939,1
DA:3940,1
DA:3941,1
DA:3942,1
DA:3943,1
DA:3944,1
DA:3945,1
DA:3946,1
DA:3947,1
DA:3948,1
DA:3949,1
DA:3950,1
DA:3951,1
DA:3952,1
DA:3953,1
DA:4018,1
DA:4021,2
DA:4024,1
DA:4029,1
DA:4031,1
DA:4032,0
DA:4033,1
DA:4034,1
DA:4035,1
DA:4036,1
DA:4037,1
DA:4038,0
DA:4039,0
DA:4040,0
DA:4041,0
DA:4042,0
DA:4043,0
DA:4045,0
DA:4049,1
DA:4052,2
DA:4055,1
DA:4058,2
DA:4061,1
DA:4064,1
DA:4065,1
DA:4068,1
DA:4072,1
DA:4073,1
DA:4074,2
DA:4075,2
DA:4080,1
DA:4084,1
DA:4085,1
DA:4086,2
DA:4087,2
DA:4092,1
DA:4097,1
DA:4098,1
DA:4099,2
DA:4100,2
DA:4105,1
DA:4109,1
DA:4110,1
DA:4111,2
DA:4112,2
DA:4117,0
DA:4120,0
DA:4121,0
DA:4124,1
DA:4127,1
DA:4128,2
DA:4131,1
DA:4136,1
DA:4137,1
DA:4138,2
DA:4139,2
DA:4144,1
DA:4149,1
DA:4150,1
DA:4151,1
DA:4152,0
DA:4157,0
DA:4161,0
DA:4162,0
DA:4163,0
DA:4164,0
DA:4169,1
DA:4174,1
DA:4175,1
DA:4176,2
DA:4177,2
DA:4182,1
DA:4187,1
DA:4188,1
DA:4189,2
DA:4190,2
DA:4195,0
DA:4198,0
DA:4199,0
DA:4202,1
DA:4205,1
DA:4206,1
DA:4207,1
DA:4208,1
DA:4209,1
DA:4216,1
DA:4220,1
DA:4221,1
DA:4227,1
DA:4231,1
DA:4232,1
DA:4238,1
DA:4242,1
DA:4243,1
DA:4249,1
DA:4254,1
DA:4255,1
DA:4261,1
DA:4265,1
DA:4266,0
DA:4272,1
DA:4276,1
DA:4277,0
DA:4283,1
DA:4287,1
DA:4288,1
DA:4294,1
DA:4298,1
DA:4299,1
DA:4305,1
DA:4309,1
DA:4310,1
DA:4316,0
DA:4320,0
DA:4321,0
DA:4327,1
DA:4330,1
DA:4331,1
DA:4332,1
DA:4333,1
DA:4337,1
DA:4340,1
DA:4341,1
DA:4344,1
DA:4348,1
DA:4349,1
DA:4353,0
DA:4356,0
DA:4357,0
DA:4361,1
DA:4364,1
DA:4365,1
DA:4366,1
DA:4367,1
DA:4368,1
DA:4369,1
DA:4370,1
DA:4371,1
DA:4372,1
DA:4373,1
DA:4374,1
DA:4375,1
DA:4376,1
DA:4377,1
DA:4378,1
DA:4379,1
DA:4380,1
DA:4381,1
DA:4382,1
DA:4383,1
DA:4405,0
DA:4408,0
DA:4409,0
DA:4410,0
DA:4411,0
DA:4412,0
DA:4413,0
DA:4414,0
DA:4415,0
DA:4416,0
DA:4417,0
DA:4418,0
DA:4419,0
DA:4420,0
DA:4421,0
DA:4422,0
DA:4423,0
DA:4424,0
DA:4425,0
DA:4426,0
DA:4447,0
DA:4450,0
DA:4451,0
DA:4454,1
DA:4457,1
DA:4458,1
DA:4461,1
DA:4465,1
DA:4467,1
DA:4468,1
DA:4469,1
DA:4470,0
DA:4471,1
DA:4472,0
DA:4473,1
DA:4474,1
DA:4475,1
DA:4476,1
DA:4477,1
DA:4478,1
DA:4479,1
DA:4480,1
DA:4481,1
DA:4482,1
DA:4483,1
DA:4484,1
DA:4485,1
DA:4486,1
DA:4487,1
DA:4488,1
DA:4489,1
DA:4490,1
DA:4491,1
DA:4492,1
DA:4493,1
DA:4494,1
DA:4495,1
DA:4496,1
DA:4497,1
DA:4498,0
DA:4499,0
DA:4500,1
DA:4501,0
DA:4502,0
DA:4503,1
DA:4504,1
DA:4505,1
DA:4506,1
DA:4507,1
DA:4508,1
DA:4509,1
DA:4510,1
DA:4511,1
DA:4512,1
DA:4513,1
DA:4514,1
DA:4515,1
DA:4516,1
DA:4517,1
DA:4518,1
DA:4519,1
DA:4520,1
DA:4521,1
DA:4522,1
DA:4523,1
DA:4524,1
DA:4525,1
DA:4526,0
DA:4527,1
DA:4528,1
DA:4529,1
DA:4530,1
DA:4531,1
DA:4532,0
DA:4533,1
DA:4534,0
DA:4535,1
DA:4536,0
DA:4537,1
DA:4538,0
DA:4539,1
DA:4540,1
DA:4541,1
DA:4542,1
DA:4543,1
DA:4544,0
DA:4545,1
DA:4546,0
DA:4547,1
DA:4548,1
DA:4549,1
DA:4550,1
DA:4551,1
DA:4552,1
DA:4553,1
DA:4554,1
DA:4555,1
DA:4556,1
DA:4557,1
DA:4558,1
DA:4559,1
DA:4560,1
DA:4561,1
DA:4562,1
DA:4563,1
DA:4564,1
DA:4565,1
DA:4566,1
DA:4567,1
DA:4568,1
DA:4569,1
DA:4570,1
DA:4571,1
DA:4572,1
DA:4573,1
DA:4574,1
DA:4575,1
DA:4576,1
DA:4577,1
DA:4578,1
DA:4580,1
DA:4581,1
DA:4582,1
DA:4583,1
DA:4585,1
DA:4586,1
DA:4587,1
DA:4588,1
DA:4590,1
DA:4591,1
DA:4592,1
DA:4593,1
DA:4594,1
DA:4595,1
DA:4596,1
DA:4597,1
DA:4598,1
DA:4599,1
DA:4600,1
DA:4601,0
DA:4602,0
DA:4603,1
DA:4604,0
DA:4605,0
DA:4606,1
DA:4607,0
DA:4608,0
DA:4609,1
DA:4610,1
DA:4611,1
DA:4612,1
DA:4614,0
DA:4618,1
DA:4621,2
DA:4624,1
DA:4627,2
DA:4630,0
DA:4633,0
DA:4636,1
DA:4641,0
DA:4644,0
DA:4647,1
DA:4650,1
DA:4651,1
DA:4652,1
DA:4653,1
DA:4657,1
DA:4660,1
DA:4661,1
DA:4664,1
DA:4668,1
DA:4669,1
DA:4672,0
DA:4676,0
DA:4677,0
DA:4680,1
DA:4683,3
DA:4686,0
DA:4690,0
DA:4691,0
DA:4692,0
DA:4693,0
DA:4694,0
DA:4695,0
DA:4698,0
DA:4702,0
DA:4703,0
DA:4704,0
DA:4705,0
DA:4706,0
DA:4707,0
DA:4708,0
DA:4709,0
DA:4710,0
DA:4711,0
DA:4714,0
DA:4718,0
DA:4719,0
DA:4720,0
DA:4723,0
DA:4726,0
DA:4727,0
DA:4728,0
DA:4731,0
DA:4734,0
DA:4737,1
DA:4740,2
DA:4743,1
DA:4747,1
DA:4750,1
DA:4754,1
DA:4757,1
DA:4760,1
DA:4763,0
DA:4767,0
DA:4770,0
DA:4774,0
DA:4777,0
DA:4781,0
DA:4784,1
DA:4788,1
DA:4791,0
DA:4794,0
DA:4797,1
DA:4800,1
DA:4803,1
DA:4807,1
DA:4810,1
DA:4814,1
DA:4817,0
DA:4821,0
DA:4824,1
DA:4827,1
DA:4830,0
DA:4833,0
DA:4836,1
DA:4840,1
DA:4843,1
DA:4846,2
DA:4847,2
DA:4848,2
DA:4851,1
DA:4855,2
DA:4856,2
DA:4857,2
DA:4858,2
DA:4859,2
DA:4860,2
DA:4861,2
DA:4862,2
DA:4863,2
DA:4864,2
DA:4865,2
DA:4866,2
DA:4867,2
DA:4868,2
DA:4869,2
DA:4870,2
DA:4871,2
DA:4872,2
DA:4873,2
DA:4874,2
DA:4875,2
DA:4876,2
DA:4877,2
DA:4878,2
DA:4879,2
DA:4880,2
DA:4881,2
DA:4882,2
DA:4883,2
DA:4884,2
DA:4885,2
DA:4886,2
DA:4887,2
DA:4888,2
DA:4889,2
DA:4890,2
DA:4891,2
DA:4892,2
DA:4893,2
DA:4894,2
DA:4895,2
DA:4896,2
DA:4897,2
DA:4898,2
DA:4899,2
DA:4900,2
DA:4901,2
DA:4902,2
DA:4903,2
DA:4904,2
DA:4905,2
DA:4906,2
DA:4907,2
DA:4908,2
DA:4909,2
DA:4910,2
DA:4911,2
DA:4912,2
DA:4913,2
DA:4914,2
DA:4915,2
DA:4916,2
DA:4919,1
DA:4922,2
DA:4923,2
DA:4924,2
DA:4925,2
DA:4926,2
DA:4927,2
DA:4928,2
DA:4929,2
DA:4930,2
DA:4931,2
DA:4932,2
DA:4933,2
DA:4934,2
DA:4935,2
DA:4936,2
DA:4937,2
DA:4938,2
DA:4939,2
DA:4940,2
DA:4941,2
DA:4942,2
DA:4943,2
DA:4944,2
DA:4945,2
DA:4946,2
DA:4947,2
DA:4948,2
DA:4949,2
DA:4950,2
DA:4951,2
DA:4952,2
DA:4953,2
DA:4954,2
DA:4955,2
DA:4956,2
DA:4957,2
DA:4958,2
DA:4959,2
DA:4960,2
DA:4961,2
DA:4962,2
DA:4963,2
DA:4964,2
DA:4965,2
DA:4966,2
DA:4967,2
DA:4968,2
DA:4969,2
DA:4970,2
DA:4971,2
DA:4972,2
DA:4973,2
DA:4974,2
DA:4975,2
DA:4976,2
DA:4977,2
DA:4978,2
DA:4979,2
DA:4980,2
DA:4981,2
DA:4982,2
DA:4983,2
DA:4986,1
DA:4989,2
DA:4992,0
DA:4997,0
DA:4998,0
DA:4999,0
DA:5000,0
DA:5001,0
DA:5002,0
DA:5003,0
DA:5004,0
DA:5005,0
DA:5006,0
DA:5007,0
DA:5008,0
DA:5009,0
DA:5013,1
DA:5016,2
DA:5019,0
DA:5022,0
DA:5025,1
DA:5029,2
DA:5032,1
DA:5035,2
DA:5036,2
DA:5037,1
DA:5041,1
DA:5044,2
DA:5045,2
DA:5046,1
DA:5050,1
DA:5054,2
DA:5055,2
DA:5056,1
DA:5060,1
DA:5063,2
DA:5064,2
DA:5065,1
DA:5069,1
DA:5073,2
DA:5074,1
DA:5075,2
DA:5078,1
DA:5082,2
DA:5083,2
DA:5086,0
DA:5090,0
DA:5091,0
DA:5092,0
DA:5096,0
DA:5100,0
DA:5101,0
DA:5102,0
DA:5106,1
DA:5110,2
DA:5111,2
DA:5112,1
DA:5116,1
DA:5120,2
DA:5121,2
DA:5122,1
DA:5126,1
DA:5130,2
DA:5131,2
DA:5132,1
DA:5136,0
DA:5139,0
DA:5142,1
DA:5146,2
DA:5147,2
DA:5148,2
DA:5149,2
DA:5152,1
DA:5156,1
DA:5158,1
DA:5162,1
DA:5166,1
DA:5168,1
DA:5172,0
DA:5177,0
DA:5179,0
DA:5183,0
DA:5188,0
DA:5190,0
DA:5194,1
DA:5199,1
DA:5201,0
DA:5205,0
DA:5210,0
DA:5212,0
DA:5216,0
DA:5220,0
DA:5222,0
DA:5226,1
DA:5230,1
DA:5232,1
DA:5236,0
DA:5240,0
DA:5242,0
DA:5246,1
DA:5251,1
DA:5253,0
DA:5257,1
DA:5260,2
DA:5261,2
DA:5262,2
DA:5265,1
DA:5268,2
DA:5271,0
DA:5275,0
DA:5276,0
DA:5279,0
DA:5283,0
DA:5284,0
DA:5287,1
DA:5290,2
DA:5291,2
DA:5292,2
DA:5293,2
DA:5294,2
DA:5295,2
DA:5296,2
DA:5297,2
DA:5298,2
DA:5299,2
DA:5300,2
DA:5301,2
DA:5302,2
DA:5303,2
DA:5304,2
DA:5305,2
DA:5306,2
DA:5307,2
DA:5308,2
DA:5311,1
DA:5314,2
DA:5315,2
DA:5316,2
DA:5317,2
DA:5318,2
DA:5319,2
DA:5320,2
DA:5321,2
DA:5322,2
DA:5323,2
DA:5324,2
DA:5325,2
DA:5326,2
DA:5327,2
DA:5328,2
DA:5329,2
DA:5330,2
DA:5331,2
DA:5334,1
DA:5337,2
DA:5340,1
DA:5343,2
DA:5346,1
DA:5350,1
DA:5351,1
DA:5352,1
DA:5353,0
DA:5354,1
DA:5355,0
DA:5356,2
DA:5357,1
DA:5358,1
DA:5359,2
DA:5360,1
DA:5361,1
DA:5362,2
DA:5363,1
DA:5364,1
DA:5365,2
DA:5366,1
DA:5367,1
DA:5368,2
DA:5369,1
DA:5370,1
DA:5371,2
DA:5372,1
DA:5373,1
DA:5374,2
DA:5375,1
DA:5376,1
DA:5377,2
DA:5378,1
DA:5379,1
DA:5380,1
DA:5381,0
DA:5382,0
DA:5383,1
DA:5384,0
DA:5385,0
DA:5386,2
DA:5387,1
DA:5388,1
DA:5389,2
DA:5390,1
DA:5391,1
DA:5392,1
DA:5393,1
DA:5394,1
DA:5395,1
DA:5396,1
DA:5397,1
DA:5398,1
DA:5399,1
DA:5400,1
DA:5401,1
DA:5402,1
DA:5403,1
DA:5404,1
DA:5405,1
DA:5406,1
DA:5407,1
DA:5408,1
DA:5409,0
DA:5410,1
DA:5411,1
DA:5412,1
DA:5413,1
DA:5414,1
DA:5415,0
DA:5416,1
DA:5417,0
DA:5418,1
DA:5419,0
DA:5420,1
DA:5421,0
DA:5422,1
DA:5423,1
DA:5424,1
DA:5425,1
DA:5426,1
DA:5427,0
DA:5428,1
DA:5429,0
DA:5430,2
DA:5431,1
DA:5432,1
DA:5433,2
DA:5434,1
DA:5435,1
DA:5436,2
DA:5437,1
DA:5438,1
DA:5439,2
DA:5440,1
DA:5441,1
DA:5442,2
DA:5443,1
DA:5444,1
DA:5445,2
DA:5446,1
DA:5447,1
DA:5448,1
DA:5449,1
DA:5450,1
DA:5451,1
DA:5452,1
DA:5453,1
DA:5454,1
DA:5455,1
DA:5456,1
DA:5457,1
DA:5458,1
DA:5459,1
DA:5460,1
DA:5462,1
DA:5463,1
DA:5464,1
DA:5465,1
DA:5466,1
DA:5467,1
DA:5469,1
DA:5470,1
DA:5471,1
DA:5472,1
DA:5473,1
DA:5474,1
DA:5476,1
DA:5477,1
DA:5478,1
DA:5479,3
DA:5480,1
DA:5481,1
DA:5482,1
DA:5483,2
DA:5484,1
DA:5485,1
DA:5486,2
DA:5487,1
DA:5488,1
DA:5489,1
DA:5490,0
DA:5491,0
DA:5492,1
DA:5493,0
DA:5494,0
DA:5495,1
DA:5496,0
DA:5497,0
DA:5498,1
DA:5499,1
DA:5500,1
DA:5501,1
DA:5505,1
DA:5508,2
DA:5511,1
DA:5514,2
DA:5517,0
DA:5520,0
DA:5523,0
DA:5528,0
DA:5531,0
DA:5534,1
DA:5538,2
DA:5539,2
DA:5540,2
DA:5543,1
DA:5547,2
DA:5550,1
DA:5554,2
LF:2682
LH:1587
end_of_record
SF:lib/src/copy_with.dart
DA:8,1
DA:25,1
DA:26,1
DA:27,1
DA:28,1
DA:29,1
DA:30,1
DA:31,1
DA:32,1
DA:33,1
DA:34,1
DA:35,1
DA:36,1
DA:37,1
DA:38,1
DA:39,1
DA:40,1
DA:45,1
DA:61,1
DA:62,1
DA:63,1
DA:64,1
DA:65,1
DA:66,1
DA:67,1
DA:68,1
DA:69,1
DA:70,1
DA:71,1
DA:72,1
DA:73,1
DA:74,1
DA:75,1
DA:80,1
DA:85,1
DA:86,1
DA:87,1
DA:88,1
LF:38
LH:38
end_of_record
SF:lib/src/rust/api/picture.dart
DA:32,1
DA:39,0
DA:43,0
DA:46,0
DA:47,0
DA:49,0
DA:52,0
DA:53,0
DA:54,0
DA:55,0
DA:56,0
LF:11
LH:1
end_of_record
SF:lib/src/rust/api/tag.dart
DA:72,1
DA:94,0
DA:97,0
DA:101,0
DA:103,0
DA:104,0
DA:105,0
DA:106,0
DA:107,0
DA:108,0
DA:109,0
DA:110,0
DA:111,0
DA:112,0
DA:113,0
DA:114,0
DA:115,0
DA:116,0
DA:117,0
DA:118,0
DA:119,0
DA:120,0
DA:121,0
DA:123,0
DA:126,0
DA:127,0
DA:128,0
DA:129,0
DA:130,0
DA:131,0
DA:132,0
DA:133,0
DA:134,0
DA:135,0
DA:136,0
DA:137,0
DA:138,0
DA:139,0
DA:140,0
DA:141,0
DA:142,0
DA:143,0
DA:144,0
DA:145,0
DA:146,0
LF:45
LH:1
end_of_record
SF:lib/src/rust/api/tag_changes.dart
DA:15,1
DA:16,3
DA:19,1
DA:21,2
DA:22,1
DA:48,1
DA:69,0
DA:70,0
DA:73,0
DA:74,0
DA:78,0
DA:80,0
DA:81,0
DA:82,0
DA:83,0
DA:84,0
DA:85,0
DA:86,0
DA:87,0
DA:88,0
DA:89,0
DA:90,0
DA:91,0
DA:92,0
DA:93,0
DA:94,0
DA:95,0
DA:96,0
DA:97,0
DA:99,0
DA:102,0
DA:103,0
DA:104,0
DA:105,0
DA:106,0
DA:107,0
DA:108,0
DA:109,0
DA:110,0
DA:111,0
DA:112,0
DA:113,0
DA:114,0
DA:115,0
DA:116,0
DA:117,0
DA:118,0
DA:119,0
DA:120,0
DA:121,0
LF:50
LH:6
end_of_record
SF:lib/src/rust/api/api.dart
DA:21,1
DA:22,3
DA:25,1
DA:26,3
DA:31,1
DA:32,3
DA:36,1
DA:38,2
DA:39,1
DA:41,1
DA:42,3
DA:45,1
DA:46,3
DA:49,1
DA:50,3
DA:53,1
DA:55,2
DA:56,1
DA:59,1
DA:60,3
DA:63,1
DA:64,3
DA:67,1
DA:69,3
DA:72,1
DA:74,2
DA:75,1
DA:82,1
DA:84,2
DA:85,1
DA:88,1
DA:90,3
DA:95,1
DA:96,3
DA:100,1
DA:101,3
DA:108,1
DA:109,3
DA:112,1
DA:114,3
DA:120,1
DA:122,2
DA:123,1
DA:126,1
DA:130,2
DA:131,1
DA:134,1
DA:135,3
DA:138,1
DA:140,2
DA:141,1
DA:145,1
DA:146,3
DA:150,1
DA:151,3
DA:157,1
DA:159,3
DA:162,1
DA:164,2
DA:165,1
DA:168,1
DA:169,3
DA:172,1
DA:173,3
DA:176,1
DA:177,3
DA:180,1
DA:181,3
DA:184,1
DA:185,3
DA:188,1
DA:189,3
DA:192,1
DA:193,3
DA:197,1
DA:198,3
DA:201,1
DA:202,3
DA:205,1
DA:207,3
DA:216,0
DA:217,0
DA:222,1
DA:223,3
DA:226,0
DA:228,0
DA:231,0
DA:233,0
DA:236,1
DA:242,3
DA:250,1
DA:256,3
DA:264,0
DA:266,0
DA:269,0
DA:271,0
DA:274,0
DA:276,0
DA:279,0
DA:282,0
DA:283,0
DA:286,1
DA:287,3
DA:290,1
DA:291,3
DA:295,1
DA:297,2
DA:298,1
DA:302,1
DA:304,3
DA:327,1
DA:336,0
DA:338,0
DA:339,0
DA:340,0
DA:341,0
DA:342,0
DA:343,0
DA:345,0
DA:348,0
DA:349,0
DA:350,0
DA:351,0
DA:352,0
DA:353,0
DA:354,0
DA:355,0
DA:369,1
DA:375,0
DA:376,0
DA:378,0
DA:381,0
DA:382,0
DA:383,0
DA:384,0
DA:385,0
DA:399,1
DA:405,0
DA:406,0
DA:408,0
DA:411,0
DA:412,0
DA:413,0
DA:414,0
DA:415,0
LF:145
LH:98
end_of_record
SF:lib/src/rust/api/error.dart
DA:17,1
LF:1
LH:1
end_of_record
SF:lib/src/rust/api/audio_properties.dart
DA:14,1
DA:15,3
DA:18,1
DA:19,2
DA:20,1
DA:54,1
DA:67,0
DA:69,0
DA:70,0
DA:71,0
DA:72,0
DA:73,0
DA:74,0
DA:75,0
DA:76,0
DA:77,0
DA:78,0
DA:80,0
DA:83,0
DA:84,0
DA:85,0
DA:86,0
DA:87,0
DA:88,0
DA:89,0
DA:90,0
DA:91,0
DA:92,0
DA:93,0
DA:94,0
LF:30
LH:6
end_of_record
SF:lib/src/rust/api/validation.dart
DA:13,0
DA:14,0
DA:21,1
DA:27,0
DA:28,0
DA:30,0
DA:33,0
DA:34,0
DA:35,0
DA:36,0
DA:37,0
DA:43,1
DA:47,1
DA:48,3
DA:52,0
DA:53,0
DA:55,0
DA:58,0
DA:59,0
DA:60,0
LF:20
LH:4
end_of_record
SF:lib/src/rust/api/normalization.dart
DA:14,0
DA:15,0
DA:30,1
DA:37,1
DA:38,3
DA:40,0
DA:42,0
DA:43,0
DA:44,0
DA:45,0
DA:47,0
DA:50,0
DA:51,0
DA:52,0
DA:53,0
DA:54,0
DA:55,0
LF:17
LH:3
end_of_record
SF:lib/src/rust/api/chapters.dart
DA:14,0
DA:15,0
DA:19,0
DA:21,0
DA:25,1
DA:26,3
DA:29,1
DA:31,2
DA:32,1
DA:35,1
DA:36,3
DA:39,1
DA:41,2
DA:42,1
DA:55,1
DA:61,0
DA:62,0
DA:64,0
DA:67,0
DA:68,0
DA:69,0
DA:70,0
DA:71,0
LF:23
LH:11
end_of_record
SF:lib/src/rust/api/extended.dart
DA:14,1
DA:15,3
DA:18,1
DA:19,3
DA:22,1
DA:23,3
DA:26,1
DA:28,2
DA:29,1
DA:32,1
DA:34,2
DA:35,1
DA:38,1
DA:40,3
DA:44,1
DA:45,3
DA:48,1
DA:49,3
DA:116,1
DA:181,0
DA:182,0
DA:184,0
DA:185,0
DA:189,0
DA:191,0
DA:192,0
DA:193,0
DA:194,0
DA:195,0
DA:196,0
DA:197,0
DA:198,0
DA:199,0
DA:200,0
DA:201,0
DA:202,0
DA:203,0
DA:204,0
DA:205,0
DA:206,0
DA:207,0
DA:208,0
DA:209,0
DA:210,0
DA:211,0
DA:212,0
DA:213,0
DA:214,0
DA:215,0
DA:216,0
DA:217,0
DA:218,0
DA:219,0
DA:220,0
DA:221,0
DA:222,0
DA:223,0
DA:224,0
DA:225,0
DA:226,0
DA:227,0
DA:228,0
DA:229,0
DA:230,0
DA:231,0
DA:232,0
DA:233,0
DA:234,0
DA:235,0
DA:236,0
DA:237,0
DA:238,0
DA:239,0
DA:240,0
DA:241,0
DA:242,0
DA:243,0
DA:244,0
DA:245,0
DA:246,0
DA:247,0
DA:248,0
DA:249,0
DA:250,0
DA:251,0
DA:252,0
DA:254,0
DA:257,0
DA:258,0
DA:259,0
DA:260,0
DA:261,0
DA:262,0
DA:263,0
DA:264,0
DA:265,0
DA:266,0
DA:267,0
DA:268,0
DA:269,0
DA:270,0
DA:271,0
DA:272,0
DA:273,0
DA:274,0
DA:275,0
DA:276,0
DA:277,0
DA:278,0
DA:279,0
DA:280,0
DA:281,0
DA:282,0
DA:283,0
DA:284,0
DA:285,0
DA:286,0
DA:287,0
DA:288,0
DA:289,0
DA:290,0
DA:291,0
DA:292,0
DA:293,0
DA:294,0
DA:295,0
DA:296,0
DA:297,0
DA:298,0
DA:299,0
DA:300,0
DA:301,0
DA:302,0
DA:303,0
DA:304,0
DA:305,0
DA:306,0
DA:307,0
DA:308,0
DA:309,0
DA:310,0
DA:311,0
DA:312,0
DA:313,0
DA:314,0
DA:315,0
DA:316,0
DA:317,0
DA:318,0
DA:319,0
DA:320,0
DA:393,1
DA:458,0
DA:459,0
DA:461,0
DA:462,0
DA:466,0
DA:468,0
DA:469,0
DA:470,0
DA:471,0
DA:472,0
DA:473,0
DA:474,0
DA:475,0
DA:476,0
DA:477,0
DA:478,0
DA:479,0
DA:480,0
DA:481,0
DA:482,0
DA:483,0
DA:484,0
DA:485,0
DA:486,0
DA:487,0
DA:488,0
DA:489,0
DA:490,0
DA:491,0
DA:492,0
DA:493,0
DA:494,0
DA:495,0
DA:496,0
DA:497,0
DA:498,0
DA:499,0
DA:500,0
DA:501,0
DA:502,0
DA:503,0
DA:504,0
DA:505,0
DA:506,0
DA:507,0
DA:508,0
DA:509,0
DA:510,0
DA:511,0
DA:512,0
DA:513,0
DA:514,0
DA:515,0
DA:516,0
DA:517,0
DA:518,0
DA:519,0
DA:520,0
DA:521,0
DA:522,0
DA:523,0
DA:524,0
DA:525,0
DA:526,0
DA:527,0
DA:528,0
DA:529,0
DA:531,0
DA:534,0
DA:535,0
DA:536,0
DA:537,0
DA:538,0
DA:539,0
DA:540,0
DA:541,0
DA:542,0
DA:543,0
DA:544,0
DA:545,0
DA:546,0
DA:547,0
DA:548,0
DA:549,0
DA:550,0
DA:551,0
DA:552,0
DA:553,0
DA:554,0
DA:555,0
DA:556,0
DA:557,0
DA:558,0
DA:559,0
DA:560,0
DA:561,0
DA:562,0
DA:563,0
DA:564,0
DA:565,0
DA:566,0
DA:567,0
DA:568,0
DA:569,0
DA:570,0
DA:571,0
DA:572,0
DA:573,0
DA:574,0
DA:575,0
DA:576,0
DA:577,0
DA:578,0
DA:579,0
DA:580,0
DA:581,0
DA:582,0
DA:583,0
DA:584,0
DA:585,0
DA:586,0
DA:587,0
DA:588,0
DA:589,0
DA:590,0
DA:591,0
DA:592,0
DA:593,0
DA:594,0
DA:595,0
DA:596,0
DA:597,0
LF:284
LH:20
end_of_record
SF:lib/src/pipeline.dart
DA:17,0
DA:24,0
DA:26,0
DA:27,0
DA:36,0
DA:42,0
DA:43,0
DA:66,2
DA:69,0
DA:70,0
DA:73,0
DA:78,1
DA:79,2
DA:84,0
DA:85,0
DA:90,0
DA:91,0
DA:98,1
DA:99,3
DA:104,1
DA:105,3
DA:110,1
DA:111,3
DA:116,1
DA:117,3
DA:122,1
DA:123,3
DA:128,1
DA:129,3
DA:134,1
DA:135,3
DA:140,1
DA:141,3
DA:146,0
DA:147,0
DA:152,0
DA:153,0
DA:158,1
DA:159,3
DA:164,1
DA:165,3
DA:172,1
DA:173,2
DA:178,1
DA:179,2
DA:184,1
DA:185,2
DA:190,1
DA:191,2
DA:196,1
DA:197,2
DA:202,1
DA:203,2
DA:208,1
DA:209,2
DA:214,1
DA:215,2
DA:220,0
DA:221,0
DA:226,1
DA:227,2
DA:232,1
DA:233,2
DA:238,0
DA:239,0
DA:244,0
DA:245,0
DA:252,0
DA:253,0
DA:258,0
DA:259,0
DA:264,1
DA:265,2
DA:272,1
DA:273,2
DA:278,0
DA:279,0
DA:284,0
DA:285,0
DA:292,1
DA:293,3
DA:298,1
DA:299,3
DA:304,1
DA:305,3
DA:310,1
DA:311,3
DA:316,1
DA:317,3
DA:322,1
DA:323,3
DA:330,1
DA:331,2
DA:336,1
DA:337,2
DA:342,1
DA:343,2
DA:348,1
DA:349,2
DA:354,1
DA:355,2
DA:362,1
DA:363,3
DA:368,1
DA:369,3
DA:374,1
DA:375,3
DA:380,1
DA:381,3
DA:388,1
DA:389,3
DA:394,1
DA:395,3
DA:400,0
DA:401,0
DA:406,0
DA:407,0
DA:412,0
DA:413,0
DA:420,1
DA:421,2
DA:428,1
DA:429,2
DA:436,1
DA:437,2
DA:438,1
DA:445,0
DA:446,0
DA:448,0
DA:450,0
DA:451,0
DA:452,0
DA:460,0
DA:461,0
DA:463,0
DA:465,0
DA:466,0
DA:467,0
DA:475,0
DA:476,0
DA:480,0
DA:481,0
DA:488,0
DA:489,0
DA:490,0
DA:496,0
DA:499,0
DA:501,0
DA:503,0
DA:507,0
DA:510,3
DA:513,3
DA:515,0
DA:516,0
DA:518,0
DA:519,0
DA:520,0
DA:524,0
DA:525,0
DA:526,0
DA:527,0
DA:528,0
DA:529,0
DA:530,0
DA:531,0
DA:532,0
DA:533,0
DA:534,0
DA:535,0
DA:536,0
DA:538,0
DA:539,0
DA:541,0
DA:542,0
LF:174
LH:90
end_of_record
SF:lib/src/rust/api/pipeline.dart
DA:17,0
DA:18,0
DA:21,0
DA:22,0
DA:23,0
DA:29,1
DA:34,3
DA:35,1
DA:37,0
DA:38,0
DA:41,1
DA:42,3
DA:45,0
DA:46,0
DA:51,0
DA:57,0
DA:58,0
DA:60,0
DA:61,0
DA:63,0
DA:66,0
DA:67,0
DA:68,0
DA:73,1
LF:24
LH:6
end_of_record
SF:lib/src/rust/frb_generated.io.dart
DA:25,1
DA:721,1
DA:722,2
DA:729,1
DA:730,1
LF:5
LH:5
end_of_record
